Compiling the CXX compiler identification source file "CMakeCXXCompilerId.cpp" failed.
Compiler: CMAKE_CXX_COMPILER-NOTFOUND 
Build flags: 
Id flags:  

The output was:
No such file or directory


Compiling the CXX compiler identification source file "CMakeCXXCompilerId.cpp" failed.
Compiler: CMAKE_CXX_COMPILER-NOTFOUND 
Build flags: 
Id flags: -c 

The output was:
No such file or directory


Compiling the CXX compiler identification source file "CMakeCXXCompilerId.cpp" failed.
Compiler: CMAKE_CXX_COMPILER-NOTFOUND 
Build flags: 
Id flags: --c++ 

The output was:
No such file or directory


Compiling the CXX compiler identification source file "CMakeCXXCompilerId.cpp" failed.
Compiler: CMAKE_CXX_COMPILER-NOTFOUND 
Build flags: 
Id flags: --ec++ 

The output was:
No such file or directory


Compiling the CXX compiler identification source file "CMakeCXXCompilerId.cpp" failed.
Compiler: CMAKE_CXX_COMPILER-NOTFOUND 
Build flags: 
Id flags: --target=arm-arm-none-eabi;-mcpu=cortex-m3 

The output was:
No such file or directory


Compiling the CXX compiler identification source file "CMakeCXXCompilerId.cpp" failed.
Compiler: CMAKE_CXX_COMPILER-NOTFOUND 
Build flags: 
Id flags:  

The output was:
No such file or directory


Compiling the CXX compiler identification source file "CMakeCXXCompilerId.cpp" failed.
Compiler: CMAKE_CXX_COMPILER-NOTFOUND 
Build flags: 
Id flags: -c 

The output was:
No such file or directory


Compiling the CXX compiler identification source file "CMakeCXXCompilerId.cpp" failed.
Compiler: CMAKE_CXX_COMPILER-NOTFOUND 
Build flags: 
Id flags: --c++ 

The output was:
No such file or directory


Compiling the CXX compiler identification source file "CMakeCXXCompilerId.cpp" failed.
Compiler: CMAKE_CXX_COMPILER-NOTFOUND 
Build flags: 
Id flags: --ec++ 

The output was:
No such file or directory


Compiling the CXX compiler identification source file "CMakeCXXCompilerId.cpp" failed.
Compiler: CMAKE_CXX_COMPILER-NOTFOUND 
Build flags: 
Id flags: --target=arm-arm-none-eabi;-mcpu=cortex-m3 

The output was:
No such file or directory


Compiling the CXX compiler identification source file "CMakeCXXCompilerId.cpp" failed.
Compiler: CMAKE_CXX_COMPILER-NOTFOUND 
Build flags: 
Id flags:  

The output was:
No such file or directory


Compiling the CXX compiler identification source file "CMakeCXXCompilerId.cpp" failed.
Compiler: CMAKE_CXX_COMPILER-NOTFOUND 
Build flags: 
Id flags: -c 

The output was:
No such file or directory


Compiling the CXX compiler identification source file "CMakeCXXCompilerId.cpp" failed.
Compiler: CMAKE_CXX_COMPILER-NOTFOUND 
Build flags: 
Id flags: --c++ 

The output was:
No such file or directory


Compiling the CXX compiler identification source file "CMakeCXXCompilerId.cpp" failed.
Compiler: CMAKE_CXX_COMPILER-NOTFOUND 
Build flags: 
Id flags: --ec++ 

The output was:
No such file or directory


Compiling the CXX compiler identification source file "CMakeCXXCompilerId.cpp" failed.
Compiler: CMAKE_CXX_COMPILER-NOTFOUND 
Build flags: 
Id flags: --target=arm-arm-none-eabi;-mcpu=cortex-m3 

The output was:
No such file or directory


Compiling the CXX compiler identification source file "CMakeCXXCompilerId.cpp" failed.
Compiler: CMAKE_CXX_COMPILER-NOTFOUND 
Build flags: 
Id flags:  

The output was:
No such file or directory


Compiling the CXX compiler identification source file "CMakeCXXCompilerId.cpp" failed.
Compiler: CMAKE_CXX_COMPILER-NOTFOUND 
Build flags: 
Id flags: -c 

The output was:
No such file or directory


Compiling the CXX compiler identification source file "CMakeCXXCompilerId.cpp" failed.
Compiler: CMAKE_CXX_COMPILER-NOTFOUND 
Build flags: 
Id flags: --c++ 

The output was:
No such file or directory


Compiling the CXX compiler identification source file "CMakeCXXCompilerId.cpp" failed.
Compiler: CMAKE_CXX_COMPILER-NOTFOUND 
Build flags: 
Id flags: --ec++ 

The output was:
No such file or directory


Compiling the CXX compiler identification source file "CMakeCXXCompilerId.cpp" failed.
Compiler: CMAKE_CXX_COMPILER-NOTFOUND 
Build flags: 
Id flags: --target=arm-arm-none-eabi;-mcpu=cortex-m3 

The output was:
No such file or directory


Performing C SOURCE FILE Test CMAKE_HAVE_LIBC_PTHREAD failed with the following output:
Change Dir: /home/daianeff/aom/bin/CMakeFiles/CMakeTmp

Run Build Command(s):/usr/bin/make cmTC_eb8d9/fast && /usr/bin/make -f CMakeFiles/cmTC_eb8d9.dir/build.make CMakeFiles/cmTC_eb8d9.dir/build
make[1]: Entering directory '/home/daianeff/aom/bin/CMakeFiles/CMakeTmp'
Building C object CMakeFiles/cmTC_eb8d9.dir/src.c.o
/usr/bin/cc   -DCMAKE_HAVE_LIBC_PTHREAD   -o CMakeFiles/cmTC_eb8d9.dir/src.c.o   -c /home/daianeff/aom/bin/CMakeFiles/CMakeTmp/src.c
Linking C executable cmTC_eb8d9
/usr/bin/cmake -E cmake_link_script CMakeFiles/cmTC_eb8d9.dir/link.txt --verbose=1
/usr/bin/cc  -DCMAKE_HAVE_LIBC_PTHREAD    CMakeFiles/cmTC_eb8d9.dir/src.c.o  -o cmTC_eb8d9 
/usr/bin/ld: CMakeFiles/cmTC_eb8d9.dir/src.c.o: in function `main':
src.c:(.text+0x46): undefined reference to `pthread_create'
/usr/bin/ld: src.c:(.text+0x52): undefined reference to `pthread_detach'
/usr/bin/ld: src.c:(.text+0x63): undefined reference to `pthread_join'
collect2: error: ld returned 1 exit status
make[1]: *** [CMakeFiles/cmTC_eb8d9.dir/build.make:87: cmTC_eb8d9] Error 1
make[1]: Leaving directory '/home/daianeff/aom/bin/CMakeFiles/CMakeTmp'
make: *** [Makefile:121: cmTC_eb8d9/fast] Error 2


Source file was:
#include <pthread.h>

void* test_func(void* data)
{
  return data;
}

int main(void)
{
  pthread_t thread;
  pthread_create(&thread, NULL, test_func, NULL);
  pthread_detach(thread);
  pthread_join(thread, NULL);
  pthread_atfork(NULL, NULL, NULL);
  pthread_exit(NULL);

  return 0;
}

Determining if the function pthread_create exists in the pthreads failed with the following output:
Change Dir: /home/daianeff/aom/bin/CMakeFiles/CMakeTmp

Run Build Command(s):/usr/bin/make cmTC_e25a7/fast && /usr/bin/make -f CMakeFiles/cmTC_e25a7.dir/build.make CMakeFiles/cmTC_e25a7.dir/build
make[1]: Entering directory '/home/daianeff/aom/bin/CMakeFiles/CMakeTmp'
Building C object CMakeFiles/cmTC_e25a7.dir/CheckFunctionExists.c.o
/usr/bin/cc   -DCHECK_FUNCTION_EXISTS=pthread_create   -o CMakeFiles/cmTC_e25a7.dir/CheckFunctionExists.c.o   -c /usr/share/cmake-3.16/Modules/CheckFunctionExists.c
Linking C executable cmTC_e25a7
/usr/bin/cmake -E cmake_link_script CMakeFiles/cmTC_e25a7.dir/link.txt --verbose=1
/usr/bin/cc  -DCHECK_FUNCTION_EXISTS=pthread_create    CMakeFiles/cmTC_e25a7.dir/CheckFunctionExists.c.o  -o cmTC_e25a7  -lpthreads 
/usr/bin/ld: cannot find -lpthreads
collect2: error: ld returned 1 exit status
make[1]: *** [CMakeFiles/cmTC_e25a7.dir/build.make:87: cmTC_e25a7] Error 1
make[1]: Leaving directory '/home/daianeff/aom/bin/CMakeFiles/CMakeTmp'
make: *** [Makefile:121: cmTC_e25a7/fast] Error 2



Performing C SOURCE FILE Test C_FLAG_SUPPORTED failed with the following output:
Change Dir: /home/daianeff/aom/bin/CMakeFiles/CMakeTmp

Run Build Command(s):/usr/bin/make cmTC_f6488/fast && /usr/bin/make -f CMakeFiles/cmTC_f6488.dir/build.make CMakeFiles/cmTC_f6488.dir/build
make[1]: Entering directory '/home/daianeff/aom/bin/CMakeFiles/CMakeTmp'
Building C object CMakeFiles/cmTC_f6488.dir/src.c.o
/usr/bin/cc   -DC_FLAG_SUPPORTED   -Wshorten-64-to-32 -o CMakeFiles/cmTC_f6488.dir/src.c.o   -c /home/daianeff/aom/bin/CMakeFiles/CMakeTmp/src.c
cc: error: unrecognized command line option '-Wshorten-64-to-32'
make[1]: *** [CMakeFiles/cmTC_f6488.dir/build.make:66: CMakeFiles/cmTC_f6488.dir/src.c.o] Error 1
make[1]: Leaving directory '/home/daianeff/aom/bin/CMakeFiles/CMakeTmp'
make: *** [Makefile:121: cmTC_f6488/fast] Error 2


Source file was:
int main(void) { return 0; }
Performing C++ SOURCE FILE Test CXX_FLAG_SUPPORTED failed with the following output:
Change Dir: /home/daianeff/aom/bin/CMakeFiles/CMakeTmp

Run Build Command(s):/usr/bin/make cmTC_98c9d/fast && /usr/bin/make -f CMakeFiles/cmTC_98c9d.dir/build.make CMakeFiles/cmTC_98c9d.dir/build
make[1]: Entering directory '/home/daianeff/aom/bin/CMakeFiles/CMakeTmp'
Building CXX object CMakeFiles/cmTC_98c9d.dir/src.cxx.o
/usr/bin/c++    -DCXX_FLAG_SUPPORTED   -Wshorten-64-to-32 -o CMakeFiles/cmTC_98c9d.dir/src.cxx.o -c /home/daianeff/aom/bin/CMakeFiles/CMakeTmp/src.cxx
c++: error: unrecognized command line option '-Wshorten-64-to-32'
make[1]: *** [CMakeFiles/cmTC_98c9d.dir/build.make:66: CMakeFiles/cmTC_98c9d.dir/src.cxx.o] Error 1
make[1]: Leaving directory '/home/daianeff/aom/bin/CMakeFiles/CMakeTmp'
make: *** [Makefile:121: cmTC_98c9d/fast] Error 2


Source file was:
int main() { return 0; }
Performing C SOURCE FILE Test C_FLAG_SUPPORTED failed with the following output:
Change Dir: /home/daianeff/aom/bin/CMakeFiles/CMakeTmp

Run Build Command(s):/usr/bin/make cmTC_5c311/fast && /usr/bin/make -f CMakeFiles/cmTC_5c311.dir/build.make CMakeFiles/cmTC_5c311.dir/build
make[1]: Entering directory '/home/daianeff/aom/bin/CMakeFiles/CMakeTmp'
Building C object CMakeFiles/cmTC_5c311.dir/src.c.o
/usr/bin/cc   -DC_FLAG_SUPPORTED   -Wstring-conversion -o CMakeFiles/cmTC_5c311.dir/src.c.o   -c /home/daianeff/aom/bin/CMakeFiles/CMakeTmp/src.c
cc: error: unrecognized command line option '-Wstring-conversion'; did you mean '-Wsign-conversion'?
make[1]: *** [CMakeFiles/cmTC_5c311.dir/build.make:66: CMakeFiles/cmTC_5c311.dir/src.c.o] Error 1
make[1]: Leaving directory '/home/daianeff/aom/bin/CMakeFiles/CMakeTmp'
make: *** [Makefile:121: cmTC_5c311/fast] Error 2


Source file was:
int main(void) { return 0; }
Performing C++ SOURCE FILE Test CXX_FLAG_SUPPORTED failed with the following output:
Change Dir: /home/daianeff/aom/bin/CMakeFiles/CMakeTmp

Run Build Command(s):/usr/bin/make cmTC_9e703/fast && /usr/bin/make -f CMakeFiles/cmTC_9e703.dir/build.make CMakeFiles/cmTC_9e703.dir/build
make[1]: Entering directory '/home/daianeff/aom/bin/CMakeFiles/CMakeTmp'
Building CXX object CMakeFiles/cmTC_9e703.dir/src.cxx.o
/usr/bin/c++    -DCXX_FLAG_SUPPORTED   -Wstring-conversion -o CMakeFiles/cmTC_9e703.dir/src.cxx.o -c /home/daianeff/aom/bin/CMakeFiles/CMakeTmp/src.cxx
c++: error: unrecognized command line option '-Wstring-conversion'; did you mean '-Wsign-conversion'?
make[1]: *** [CMakeFiles/cmTC_9e703.dir/build.make:66: CMakeFiles/cmTC_9e703.dir/src.cxx.o] Error 1
make[1]: Leaving directory '/home/daianeff/aom/bin/CMakeFiles/CMakeTmp'
make: *** [Makefile:121: cmTC_9e703/fast] Error 2


Source file was:
int main() { return 0; }
