The system is: Linux - 4.4.0-19041-Microsoft - x86_64
Compiling the C compiler identification source file "CMakeCCompilerId.c" succeeded.
Compiler: /usr/bin/cc 
Build flags: 
Id flags:  

The output was:
0


Compilation of the C compiler identification source "CMakeCCompilerId.c" produced "a.out"

The C compiler identification is GNU, found in "/home/daianeff/aom/bin/CMakeFiles/3.16.3/CompilerIdC/a.out"

Determining if the C compiler works passed with the following output:
Change Dir: /home/daianeff/aom/bin/CMakeFiles/CMakeTmp

Run Build Command(s):/usr/bin/make cmTC_cfa05/fast && /usr/bin/make -f CMakeFiles/cmTC_cfa05.dir/build.make CMakeFiles/cmTC_cfa05.dir/build
make[1]: Entering directory '/home/daianeff/aom/bin/CMakeFiles/CMakeTmp'
Building C object CMakeFiles/cmTC_cfa05.dir/testCCompiler.c.o
/usr/bin/cc    -o CMakeFiles/cmTC_cfa05.dir/testCCompiler.c.o   -c /home/daianeff/aom/bin/CMakeFiles/CMakeTmp/testCCompiler.c
Linking C executable cmTC_cfa05
/usr/bin/cmake -E cmake_link_script CMakeFiles/cmTC_cfa05.dir/link.txt --verbose=1
/usr/bin/cc      CMakeFiles/cmTC_cfa05.dir/testCCompiler.c.o  -o cmTC_cfa05 
make[1]: Leaving directory '/home/daianeff/aom/bin/CMakeFiles/CMakeTmp'



Detecting C compiler ABI info compiled with the following output:
Change Dir: /home/daianeff/aom/bin/CMakeFiles/CMakeTmp

Run Build Command(s):/usr/bin/make cmTC_0dd02/fast && /usr/bin/make -f CMakeFiles/cmTC_0dd02.dir/build.make CMakeFiles/cmTC_0dd02.dir/build
make[1]: Entering directory '/home/daianeff/aom/bin/CMakeFiles/CMakeTmp'
Building C object CMakeFiles/cmTC_0dd02.dir/CMakeCCompilerABI.c.o
/usr/bin/cc   -v -o CMakeFiles/cmTC_0dd02.dir/CMakeCCompilerABI.c.o   -c /usr/share/cmake-3.16/Modules/CMakeCCompilerABI.c
Using built-in specs.
COLLECT_GCC=/usr/bin/cc
OFFLOAD_TARGET_NAMES=nvptx-none:hsa
OFFLOAD_TARGET_DEFAULT=1
Target: x86_64-linux-gnu
Configured with: ../src/configure -v --with-pkgversion='Ubuntu 9.3.0-17ubuntu1~20.04' --with-bugurl=file:///usr/share/doc/gcc-9/README.Bugs --enable-languages=c,ada,c++,go,brig,d,fortran,objc,obj-c++,gm2 --prefix=/usr --with-gcc-major-version-only --program-suffix=-9 --program-prefix=x86_64-linux-gnu- --enable-shared --enable-linker-build-id --libexecdir=/usr/lib --without-included-gettext --enable-threads=posix --libdir=/usr/lib --enable-nls --enable-clocale=gnu --enable-libstdcxx-debug --enable-libstdcxx-time=yes --with-default-libstdcxx-abi=new --enable-gnu-unique-object --disable-vtable-verify --enable-plugin --enable-default-pie --with-system-zlib --with-target-system-zlib=auto --enable-objc-gc=auto --enable-multiarch --disable-werror --with-arch-32=i686 --with-abi=m64 --with-multilib-list=m32,m64,mx32 --enable-multilib --with-tune=generic --enable-offload-targets=nvptx-none=/build/gcc-9-HskZEa/gcc-9-9.3.0/debian/tmp-nvptx/usr,hsa --without-cuda-driver --enable-checking=release --build=x86_64-linux-gnu --host=x86_64-linux-gnu --target=x86_64-linux-gnu
Thread model: posix
gcc version 9.3.0 (Ubuntu 9.3.0-17ubuntu1~20.04) 
COLLECT_GCC_OPTIONS='-v' '-o' 'CMakeFiles/cmTC_0dd02.dir/CMakeCCompilerABI.c.o' '-c' '-mtune=generic' '-march=x86-64'
 /usr/lib/gcc/x86_64-linux-gnu/9/cc1 -quiet -v -imultiarch x86_64-linux-gnu /usr/share/cmake-3.16/Modules/CMakeCCompilerABI.c -quiet -dumpbase CMakeCCompilerABI.c -mtune=generic -march=x86-64 -auxbase-strip CMakeFiles/cmTC_0dd02.dir/CMakeCCompilerABI.c.o -version -fasynchronous-unwind-tables -fstack-protector-strong -Wformat -Wformat-security -fstack-clash-protection -fcf-protection -o /tmp/ccWBNmwV.s
GNU C17 (Ubuntu 9.3.0-17ubuntu1~20.04) version 9.3.0 (x86_64-linux-gnu)
	compiled by GNU C version 9.3.0, GMP version 6.2.0, MPFR version 4.0.2, MPC version 1.1.0, isl version isl-0.22.1-GMP

GGC heuristics: --param ggc-min-expand=100 --param ggc-min-heapsize=131072
ignoring nonexistent directory "/usr/local/include/x86_64-linux-gnu"
ignoring nonexistent directory "/usr/lib/gcc/x86_64-linux-gnu/9/include-fixed"
ignoring nonexistent directory "/usr/lib/gcc/x86_64-linux-gnu/9/../../../../x86_64-linux-gnu/include"
#include "..." search starts here:
#include <...> search starts here:
 /usr/lib/gcc/x86_64-linux-gnu/9/include
 /usr/local/include
 /usr/include/x86_64-linux-gnu
 /usr/include
End of search list.
GNU C17 (Ubuntu 9.3.0-17ubuntu1~20.04) version 9.3.0 (x86_64-linux-gnu)
	compiled by GNU C version 9.3.0, GMP version 6.2.0, MPFR version 4.0.2, MPC version 1.1.0, isl version isl-0.22.1-GMP

GGC heuristics: --param ggc-min-expand=100 --param ggc-min-heapsize=131072
Compiler executable checksum: bbf13931d8de1abe14040c9909cb6969
COLLECT_GCC_OPTIONS='-v' '-o' 'CMakeFiles/cmTC_0dd02.dir/CMakeCCompilerABI.c.o' '-c' '-mtune=generic' '-march=x86-64'
 as -v --64 -o CMakeFiles/cmTC_0dd02.dir/CMakeCCompilerABI.c.o /tmp/ccWBNmwV.s
GNU assembler version 2.34 (x86_64-linux-gnu) using BFD version (GNU Binutils for Ubuntu) 2.34
COMPILER_PATH=/usr/lib/gcc/x86_64-linux-gnu/9/:/usr/lib/gcc/x86_64-linux-gnu/9/:/usr/lib/gcc/x86_64-linux-gnu/:/usr/lib/gcc/x86_64-linux-gnu/9/:/usr/lib/gcc/x86_64-linux-gnu/
LIBRARY_PATH=/usr/lib/gcc/x86_64-linux-gnu/9/:/usr/lib/gcc/x86_64-linux-gnu/9/../../../x86_64-linux-gnu/:/usr/lib/gcc/x86_64-linux-gnu/9/../../../../lib/:/lib/x86_64-linux-gnu/:/lib/../lib/:/usr/lib/x86_64-linux-gnu/:/usr/lib/../lib/:/usr/lib/gcc/x86_64-linux-gnu/9/../../../:/lib/:/usr/lib/
COLLECT_GCC_OPTIONS='-v' '-o' 'CMakeFiles/cmTC_0dd02.dir/CMakeCCompilerABI.c.o' '-c' '-mtune=generic' '-march=x86-64'
Linking C executable cmTC_0dd02
/usr/bin/cmake -E cmake_link_script CMakeFiles/cmTC_0dd02.dir/link.txt --verbose=1
/usr/bin/cc     -v CMakeFiles/cmTC_0dd02.dir/CMakeCCompilerABI.c.o  -o cmTC_0dd02 
Using built-in specs.
COLLECT_GCC=/usr/bin/cc
COLLECT_LTO_WRAPPER=/usr/lib/gcc/x86_64-linux-gnu/9/lto-wrapper
OFFLOAD_TARGET_NAMES=nvptx-none:hsa
OFFLOAD_TARGET_DEFAULT=1
Target: x86_64-linux-gnu
Configured with: ../src/configure -v --with-pkgversion='Ubuntu 9.3.0-17ubuntu1~20.04' --with-bugurl=file:///usr/share/doc/gcc-9/README.Bugs --enable-languages=c,ada,c++,go,brig,d,fortran,objc,obj-c++,gm2 --prefix=/usr --with-gcc-major-version-only --program-suffix=-9 --program-prefix=x86_64-linux-gnu- --enable-shared --enable-linker-build-id --libexecdir=/usr/lib --without-included-gettext --enable-threads=posix --libdir=/usr/lib --enable-nls --enable-clocale=gnu --enable-libstdcxx-debug --enable-libstdcxx-time=yes --with-default-libstdcxx-abi=new --enable-gnu-unique-object --disable-vtable-verify --enable-plugin --enable-default-pie --with-system-zlib --with-target-system-zlib=auto --enable-objc-gc=auto --enable-multiarch --disable-werror --with-arch-32=i686 --with-abi=m64 --with-multilib-list=m32,m64,mx32 --enable-multilib --with-tune=generic --enable-offload-targets=nvptx-none=/build/gcc-9-HskZEa/gcc-9-9.3.0/debian/tmp-nvptx/usr,hsa --without-cuda-driver --enable-checking=release --build=x86_64-linux-gnu --host=x86_64-linux-gnu --target=x86_64-linux-gnu
Thread model: posix
gcc version 9.3.0 (Ubuntu 9.3.0-17ubuntu1~20.04) 
COMPILER_PATH=/usr/lib/gcc/x86_64-linux-gnu/9/:/usr/lib/gcc/x86_64-linux-gnu/9/:/usr/lib/gcc/x86_64-linux-gnu/:/usr/lib/gcc/x86_64-linux-gnu/9/:/usr/lib/gcc/x86_64-linux-gnu/
LIBRARY_PATH=/usr/lib/gcc/x86_64-linux-gnu/9/:/usr/lib/gcc/x86_64-linux-gnu/9/../../../x86_64-linux-gnu/:/usr/lib/gcc/x86_64-linux-gnu/9/../../../../lib/:/lib/x86_64-linux-gnu/:/lib/../lib/:/usr/lib/x86_64-linux-gnu/:/usr/lib/../lib/:/usr/lib/gcc/x86_64-linux-gnu/9/../../../:/lib/:/usr/lib/
COLLECT_GCC_OPTIONS='-v' '-o' 'cmTC_0dd02' '-mtune=generic' '-march=x86-64'
 /usr/lib/gcc/x86_64-linux-gnu/9/collect2 -plugin /usr/lib/gcc/x86_64-linux-gnu/9/liblto_plugin.so -plugin-opt=/usr/lib/gcc/x86_64-linux-gnu/9/lto-wrapper -plugin-opt=-fresolution=/tmp/ccyeFp4m.res -plugin-opt=-pass-through=-lgcc -plugin-opt=-pass-through=-lgcc_s -plugin-opt=-pass-through=-lc -plugin-opt=-pass-through=-lgcc -plugin-opt=-pass-through=-lgcc_s --build-id --eh-frame-hdr -m elf_x86_64 --hash-style=gnu --as-needed -dynamic-linker /lib64/ld-linux-x86-64.so.2 -pie -z now -z relro -o cmTC_0dd02 /usr/lib/gcc/x86_64-linux-gnu/9/../../../x86_64-linux-gnu/Scrt1.o /usr/lib/gcc/x86_64-linux-gnu/9/../../../x86_64-linux-gnu/crti.o /usr/lib/gcc/x86_64-linux-gnu/9/crtbeginS.o -L/usr/lib/gcc/x86_64-linux-gnu/9 -L/usr/lib/gcc/x86_64-linux-gnu/9/../../../x86_64-linux-gnu -L/usr/lib/gcc/x86_64-linux-gnu/9/../../../../lib -L/lib/x86_64-linux-gnu -L/lib/../lib -L/usr/lib/x86_64-linux-gnu -L/usr/lib/../lib -L/usr/lib/gcc/x86_64-linux-gnu/9/../../.. CMakeFiles/cmTC_0dd02.dir/CMakeCCompilerABI.c.o -lgcc --push-state --as-needed -lgcc_s --pop-state -lc -lgcc --push-state --as-needed -lgcc_s --pop-state /usr/lib/gcc/x86_64-linux-gnu/9/crtendS.o /usr/lib/gcc/x86_64-linux-gnu/9/../../../x86_64-linux-gnu/crtn.o
COLLECT_GCC_OPTIONS='-v' '-o' 'cmTC_0dd02' '-mtune=generic' '-march=x86-64'
make[1]: Leaving directory '/home/daianeff/aom/bin/CMakeFiles/CMakeTmp'



Parsed C implicit include dir info from above output: rv=done
  found start of include info
  found start of implicit include info
    add: [/usr/lib/gcc/x86_64-linux-gnu/9/include]
    add: [/usr/local/include]
    add: [/usr/include/x86_64-linux-gnu]
    add: [/usr/include]
  end of search list found
  collapse include dir [/usr/lib/gcc/x86_64-linux-gnu/9/include] ==> [/usr/lib/gcc/x86_64-linux-gnu/9/include]
  collapse include dir [/usr/local/include] ==> [/usr/local/include]
  collapse include dir [/usr/include/x86_64-linux-gnu] ==> [/usr/include/x86_64-linux-gnu]
  collapse include dir [/usr/include] ==> [/usr/include]
  implicit include dirs: [/usr/lib/gcc/x86_64-linux-gnu/9/include;/usr/local/include;/usr/include/x86_64-linux-gnu;/usr/include]


Parsed C implicit link information from above output:
  link line regex: [^( *|.*[/\])(ld|CMAKE_LINK_STARTFILE-NOTFOUND|([^/\]+-)?ld|collect2)[^/\]*( |$)]
  ignore line: [Change Dir: /home/daianeff/aom/bin/CMakeFiles/CMakeTmp]
  ignore line: []
  ignore line: [Run Build Command(s):/usr/bin/make cmTC_0dd02/fast && /usr/bin/make -f CMakeFiles/cmTC_0dd02.dir/build.make CMakeFiles/cmTC_0dd02.dir/build]
  ignore line: [make[1]: Entering directory '/home/daianeff/aom/bin/CMakeFiles/CMakeTmp']
  ignore line: [Building C object CMakeFiles/cmTC_0dd02.dir/CMakeCCompilerABI.c.o]
  ignore line: [/usr/bin/cc   -v -o CMakeFiles/cmTC_0dd02.dir/CMakeCCompilerABI.c.o   -c /usr/share/cmake-3.16/Modules/CMakeCCompilerABI.c]
  ignore line: [Using built-in specs.]
  ignore line: [COLLECT_GCC=/usr/bin/cc]
  ignore line: [OFFLOAD_TARGET_NAMES=nvptx-none:hsa]
  ignore line: [OFFLOAD_TARGET_DEFAULT=1]
  ignore line: [Target: x86_64-linux-gnu]
  ignore line: [Configured with: ../src/configure -v --with-pkgversion='Ubuntu 9.3.0-17ubuntu1~20.04' --with-bugurl=file:///usr/share/doc/gcc-9/README.Bugs --enable-languages=c ada c++ go brig d fortran objc obj-c++ gm2 --prefix=/usr --with-gcc-major-version-only --program-suffix=-9 --program-prefix=x86_64-linux-gnu- --enable-shared --enable-linker-build-id --libexecdir=/usr/lib --without-included-gettext --enable-threads=posix --libdir=/usr/lib --enable-nls --enable-clocale=gnu --enable-libstdcxx-debug --enable-libstdcxx-time=yes --with-default-libstdcxx-abi=new --enable-gnu-unique-object --disable-vtable-verify --enable-plugin --enable-default-pie --with-system-zlib --with-target-system-zlib=auto --enable-objc-gc=auto --enable-multiarch --disable-werror --with-arch-32=i686 --with-abi=m64 --with-multilib-list=m32 m64 mx32 --enable-multilib --with-tune=generic --enable-offload-targets=nvptx-none=/build/gcc-9-HskZEa/gcc-9-9.3.0/debian/tmp-nvptx/usr hsa --without-cuda-driver --enable-checking=release --build=x86_64-linux-gnu --host=x86_64-linux-gnu --target=x86_64-linux-gnu]
  ignore line: [Thread model: posix]
  ignore line: [gcc version 9.3.0 (Ubuntu 9.3.0-17ubuntu1~20.04) ]
  ignore line: [COLLECT_GCC_OPTIONS='-v' '-o' 'CMakeFiles/cmTC_0dd02.dir/CMakeCCompilerABI.c.o' '-c' '-mtune=generic' '-march=x86-64']
  ignore line: [ /usr/lib/gcc/x86_64-linux-gnu/9/cc1 -quiet -v -imultiarch x86_64-linux-gnu /usr/share/cmake-3.16/Modules/CMakeCCompilerABI.c -quiet -dumpbase CMakeCCompilerABI.c -mtune=generic -march=x86-64 -auxbase-strip CMakeFiles/cmTC_0dd02.dir/CMakeCCompilerABI.c.o -version -fasynchronous-unwind-tables -fstack-protector-strong -Wformat -Wformat-security -fstack-clash-protection -fcf-protection -o /tmp/ccWBNmwV.s]
  ignore line: [GNU C17 (Ubuntu 9.3.0-17ubuntu1~20.04) version 9.3.0 (x86_64-linux-gnu)]
  ignore line: [	compiled by GNU C version 9.3.0  GMP version 6.2.0  MPFR version 4.0.2  MPC version 1.1.0  isl version isl-0.22.1-GMP]
  ignore line: []
  ignore line: [GGC heuristics: --param ggc-min-expand=100 --param ggc-min-heapsize=131072]
  ignore line: [ignoring nonexistent directory "/usr/local/include/x86_64-linux-gnu"]
  ignore line: [ignoring nonexistent directory "/usr/lib/gcc/x86_64-linux-gnu/9/include-fixed"]
  ignore line: [ignoring nonexistent directory "/usr/lib/gcc/x86_64-linux-gnu/9/../../../../x86_64-linux-gnu/include"]
  ignore line: [#include "..." search starts here:]
  ignore line: [#include <...> search starts here:]
  ignore line: [ /usr/lib/gcc/x86_64-linux-gnu/9/include]
  ignore line: [ /usr/local/include]
  ignore line: [ /usr/include/x86_64-linux-gnu]
  ignore line: [ /usr/include]
  ignore line: [End of search list.]
  ignore line: [GNU C17 (Ubuntu 9.3.0-17ubuntu1~20.04) version 9.3.0 (x86_64-linux-gnu)]
  ignore line: [	compiled by GNU C version 9.3.0  GMP version 6.2.0  MPFR version 4.0.2  MPC version 1.1.0  isl version isl-0.22.1-GMP]
  ignore line: []
  ignore line: [GGC heuristics: --param ggc-min-expand=100 --param ggc-min-heapsize=131072]
  ignore line: [Compiler executable checksum: bbf13931d8de1abe14040c9909cb6969]
  ignore line: [COLLECT_GCC_OPTIONS='-v' '-o' 'CMakeFiles/cmTC_0dd02.dir/CMakeCCompilerABI.c.o' '-c' '-mtune=generic' '-march=x86-64']
  ignore line: [ as -v --64 -o CMakeFiles/cmTC_0dd02.dir/CMakeCCompilerABI.c.o /tmp/ccWBNmwV.s]
  ignore line: [GNU assembler version 2.34 (x86_64-linux-gnu) using BFD version (GNU Binutils for Ubuntu) 2.34]
  ignore line: [COMPILER_PATH=/usr/lib/gcc/x86_64-linux-gnu/9/:/usr/lib/gcc/x86_64-linux-gnu/9/:/usr/lib/gcc/x86_64-linux-gnu/:/usr/lib/gcc/x86_64-linux-gnu/9/:/usr/lib/gcc/x86_64-linux-gnu/]
  ignore line: [LIBRARY_PATH=/usr/lib/gcc/x86_64-linux-gnu/9/:/usr/lib/gcc/x86_64-linux-gnu/9/../../../x86_64-linux-gnu/:/usr/lib/gcc/x86_64-linux-gnu/9/../../../../lib/:/lib/x86_64-linux-gnu/:/lib/../lib/:/usr/lib/x86_64-linux-gnu/:/usr/lib/../lib/:/usr/lib/gcc/x86_64-linux-gnu/9/../../../:/lib/:/usr/lib/]
  ignore line: [COLLECT_GCC_OPTIONS='-v' '-o' 'CMakeFiles/cmTC_0dd02.dir/CMakeCCompilerABI.c.o' '-c' '-mtune=generic' '-march=x86-64']
  ignore line: [Linking C executable cmTC_0dd02]
  ignore line: [/usr/bin/cmake -E cmake_link_script CMakeFiles/cmTC_0dd02.dir/link.txt --verbose=1]
  ignore line: [/usr/bin/cc     -v CMakeFiles/cmTC_0dd02.dir/CMakeCCompilerABI.c.o  -o cmTC_0dd02 ]
  ignore line: [Using built-in specs.]
  ignore line: [COLLECT_GCC=/usr/bin/cc]
  ignore line: [COLLECT_LTO_WRAPPER=/usr/lib/gcc/x86_64-linux-gnu/9/lto-wrapper]
  ignore line: [OFFLOAD_TARGET_NAMES=nvptx-none:hsa]
  ignore line: [OFFLOAD_TARGET_DEFAULT=1]
  ignore line: [Target: x86_64-linux-gnu]
  ignore line: [Configured with: ../src/configure -v --with-pkgversion='Ubuntu 9.3.0-17ubuntu1~20.04' --with-bugurl=file:///usr/share/doc/gcc-9/README.Bugs --enable-languages=c ada c++ go brig d fortran objc obj-c++ gm2 --prefix=/usr --with-gcc-major-version-only --program-suffix=-9 --program-prefix=x86_64-linux-gnu- --enable-shared --enable-linker-build-id --libexecdir=/usr/lib --without-included-gettext --enable-threads=posix --libdir=/usr/lib --enable-nls --enable-clocale=gnu --enable-libstdcxx-debug --enable-libstdcxx-time=yes --with-default-libstdcxx-abi=new --enable-gnu-unique-object --disable-vtable-verify --enable-plugin --enable-default-pie --with-system-zlib --with-target-system-zlib=auto --enable-objc-gc=auto --enable-multiarch --disable-werror --with-arch-32=i686 --with-abi=m64 --with-multilib-list=m32 m64 mx32 --enable-multilib --with-tune=generic --enable-offload-targets=nvptx-none=/build/gcc-9-HskZEa/gcc-9-9.3.0/debian/tmp-nvptx/usr hsa --without-cuda-driver --enable-checking=release --build=x86_64-linux-gnu --host=x86_64-linux-gnu --target=x86_64-linux-gnu]
  ignore line: [Thread model: posix]
  ignore line: [gcc version 9.3.0 (Ubuntu 9.3.0-17ubuntu1~20.04) ]
  ignore line: [COMPILER_PATH=/usr/lib/gcc/x86_64-linux-gnu/9/:/usr/lib/gcc/x86_64-linux-gnu/9/:/usr/lib/gcc/x86_64-linux-gnu/:/usr/lib/gcc/x86_64-linux-gnu/9/:/usr/lib/gcc/x86_64-linux-gnu/]
  ignore line: [LIBRARY_PATH=/usr/lib/gcc/x86_64-linux-gnu/9/:/usr/lib/gcc/x86_64-linux-gnu/9/../../../x86_64-linux-gnu/:/usr/lib/gcc/x86_64-linux-gnu/9/../../../../lib/:/lib/x86_64-linux-gnu/:/lib/../lib/:/usr/lib/x86_64-linux-gnu/:/usr/lib/../lib/:/usr/lib/gcc/x86_64-linux-gnu/9/../../../:/lib/:/usr/lib/]
  ignore line: [COLLECT_GCC_OPTIONS='-v' '-o' 'cmTC_0dd02' '-mtune=generic' '-march=x86-64']
  link line: [ /usr/lib/gcc/x86_64-linux-gnu/9/collect2 -plugin /usr/lib/gcc/x86_64-linux-gnu/9/liblto_plugin.so -plugin-opt=/usr/lib/gcc/x86_64-linux-gnu/9/lto-wrapper -plugin-opt=-fresolution=/tmp/ccyeFp4m.res -plugin-opt=-pass-through=-lgcc -plugin-opt=-pass-through=-lgcc_s -plugin-opt=-pass-through=-lc -plugin-opt=-pass-through=-lgcc -plugin-opt=-pass-through=-lgcc_s --build-id --eh-frame-hdr -m elf_x86_64 --hash-style=gnu --as-needed -dynamic-linker /lib64/ld-linux-x86-64.so.2 -pie -z now -z relro -o cmTC_0dd02 /usr/lib/gcc/x86_64-linux-gnu/9/../../../x86_64-linux-gnu/Scrt1.o /usr/lib/gcc/x86_64-linux-gnu/9/../../../x86_64-linux-gnu/crti.o /usr/lib/gcc/x86_64-linux-gnu/9/crtbeginS.o -L/usr/lib/gcc/x86_64-linux-gnu/9 -L/usr/lib/gcc/x86_64-linux-gnu/9/../../../x86_64-linux-gnu -L/usr/lib/gcc/x86_64-linux-gnu/9/../../../../lib -L/lib/x86_64-linux-gnu -L/lib/../lib -L/usr/lib/x86_64-linux-gnu -L/usr/lib/../lib -L/usr/lib/gcc/x86_64-linux-gnu/9/../../.. CMakeFiles/cmTC_0dd02.dir/CMakeCCompilerABI.c.o -lgcc --push-state --as-needed -lgcc_s --pop-state -lc -lgcc --push-state --as-needed -lgcc_s --pop-state /usr/lib/gcc/x86_64-linux-gnu/9/crtendS.o /usr/lib/gcc/x86_64-linux-gnu/9/../../../x86_64-linux-gnu/crtn.o]
    arg [/usr/lib/gcc/x86_64-linux-gnu/9/collect2] ==> ignore
    arg [-plugin] ==> ignore
    arg [/usr/lib/gcc/x86_64-linux-gnu/9/liblto_plugin.so] ==> ignore
    arg [-plugin-opt=/usr/lib/gcc/x86_64-linux-gnu/9/lto-wrapper] ==> ignore
    arg [-plugin-opt=-fresolution=/tmp/ccyeFp4m.res] ==> ignore
    arg [-plugin-opt=-pass-through=-lgcc] ==> ignore
    arg [-plugin-opt=-pass-through=-lgcc_s] ==> ignore
    arg [-plugin-opt=-pass-through=-lc] ==> ignore
    arg [-plugin-opt=-pass-through=-lgcc] ==> ignore
    arg [-plugin-opt=-pass-through=-lgcc_s] ==> ignore
    arg [--build-id] ==> ignore
    arg [--eh-frame-hdr] ==> ignore
    arg [-m] ==> ignore
    arg [elf_x86_64] ==> ignore
    arg [--hash-style=gnu] ==> ignore
    arg [--as-needed] ==> ignore
    arg [-dynamic-linker] ==> ignore
    arg [/lib64/ld-linux-x86-64.so.2] ==> ignore
    arg [-pie] ==> ignore
    arg [-znow] ==> ignore
    arg [-zrelro] ==> ignore
    arg [-o] ==> ignore
    arg [cmTC_0dd02] ==> ignore
    arg [/usr/lib/gcc/x86_64-linux-gnu/9/../../../x86_64-linux-gnu/Scrt1.o] ==> ignore
    arg [/usr/lib/gcc/x86_64-linux-gnu/9/../../../x86_64-linux-gnu/crti.o] ==> ignore
    arg [/usr/lib/gcc/x86_64-linux-gnu/9/crtbeginS.o] ==> ignore
    arg [-L/usr/lib/gcc/x86_64-linux-gnu/9] ==> dir [/usr/lib/gcc/x86_64-linux-gnu/9]
    arg [-L/usr/lib/gcc/x86_64-linux-gnu/9/../../../x86_64-linux-gnu] ==> dir [/usr/lib/gcc/x86_64-linux-gnu/9/../../../x86_64-linux-gnu]
    arg [-L/usr/lib/gcc/x86_64-linux-gnu/9/../../../../lib] ==> dir [/usr/lib/gcc/x86_64-linux-gnu/9/../../../../lib]
    arg [-L/lib/x86_64-linux-gnu] ==> dir [/lib/x86_64-linux-gnu]
    arg [-L/lib/../lib] ==> dir [/lib/../lib]
    arg [-L/usr/lib/x86_64-linux-gnu] ==> dir [/usr/lib/x86_64-linux-gnu]
    arg [-L/usr/lib/../lib] ==> dir [/usr/lib/../lib]
    arg [-L/usr/lib/gcc/x86_64-linux-gnu/9/../../..] ==> dir [/usr/lib/gcc/x86_64-linux-gnu/9/../../..]
    arg [CMakeFiles/cmTC_0dd02.dir/CMakeCCompilerABI.c.o] ==> ignore
    arg [-lgcc] ==> lib [gcc]
    arg [--push-state] ==> ignore
    arg [--as-needed] ==> ignore
    arg [-lgcc_s] ==> lib [gcc_s]
    arg [--pop-state] ==> ignore
    arg [-lc] ==> lib [c]
    arg [-lgcc] ==> lib [gcc]
    arg [--push-state] ==> ignore
    arg [--as-needed] ==> ignore
    arg [-lgcc_s] ==> lib [gcc_s]
    arg [--pop-state] ==> ignore
    arg [/usr/lib/gcc/x86_64-linux-gnu/9/crtendS.o] ==> ignore
    arg [/usr/lib/gcc/x86_64-linux-gnu/9/../../../x86_64-linux-gnu/crtn.o] ==> ignore
  collapse library dir [/usr/lib/gcc/x86_64-linux-gnu/9] ==> [/usr/lib/gcc/x86_64-linux-gnu/9]
  collapse library dir [/usr/lib/gcc/x86_64-linux-gnu/9/../../../x86_64-linux-gnu] ==> [/usr/lib/x86_64-linux-gnu]
  collapse library dir [/usr/lib/gcc/x86_64-linux-gnu/9/../../../../lib] ==> [/usr/lib]
  collapse library dir [/lib/x86_64-linux-gnu] ==> [/lib/x86_64-linux-gnu]
  collapse library dir [/lib/../lib] ==> [/lib]
  collapse library dir [/usr/lib/x86_64-linux-gnu] ==> [/usr/lib/x86_64-linux-gnu]
  collapse library dir [/usr/lib/../lib] ==> [/usr/lib]
  collapse library dir [/usr/lib/gcc/x86_64-linux-gnu/9/../../..] ==> [/usr/lib]
  implicit libs: [gcc;gcc_s;c;gcc;gcc_s]
  implicit dirs: [/usr/lib/gcc/x86_64-linux-gnu/9;/usr/lib/x86_64-linux-gnu;/usr/lib;/lib/x86_64-linux-gnu;/lib]
  implicit fwks: []


Compiling the CXX compiler identification source file "CMakeCXXCompilerId.cpp" succeeded.
Compiler: /usr/bin/c++ 
Build flags: 
Id flags:  

The output was:
0


Compilation of the CXX compiler identification source "CMakeCXXCompilerId.cpp" produced "a.out"

The CXX compiler identification is GNU, found in "/home/daianeff/aom/bin/CMakeFiles/3.16.3/CompilerIdCXX/a.out"

Determining if the CXX compiler works passed with the following output:
Change Dir: /home/daianeff/aom/bin/CMakeFiles/CMakeTmp

Run Build Command(s):/usr/bin/make cmTC_85364/fast && /usr/bin/make -f CMakeFiles/cmTC_85364.dir/build.make CMakeFiles/cmTC_85364.dir/build
make[1]: Entering directory '/home/daianeff/aom/bin/CMakeFiles/CMakeTmp'
Building CXX object CMakeFiles/cmTC_85364.dir/testCXXCompiler.cxx.o
/usr/bin/c++     -o CMakeFiles/cmTC_85364.dir/testCXXCompiler.cxx.o -c /home/daianeff/aom/bin/CMakeFiles/CMakeTmp/testCXXCompiler.cxx
Linking CXX executable cmTC_85364
/usr/bin/cmake -E cmake_link_script CMakeFiles/cmTC_85364.dir/link.txt --verbose=1
/usr/bin/c++       CMakeFiles/cmTC_85364.dir/testCXXCompiler.cxx.o  -o cmTC_85364 
make[1]: Leaving directory '/home/daianeff/aom/bin/CMakeFiles/CMakeTmp'



Detecting CXX compiler ABI info compiled with the following output:
Change Dir: /home/daianeff/aom/bin/CMakeFiles/CMakeTmp

Run Build Command(s):/usr/bin/make cmTC_a1b04/fast && /usr/bin/make -f CMakeFiles/cmTC_a1b04.dir/build.make CMakeFiles/cmTC_a1b04.dir/build
make[1]: Entering directory '/home/daianeff/aom/bin/CMakeFiles/CMakeTmp'
Building CXX object CMakeFiles/cmTC_a1b04.dir/CMakeCXXCompilerABI.cpp.o
/usr/bin/c++    -v -o CMakeFiles/cmTC_a1b04.dir/CMakeCXXCompilerABI.cpp.o -c /usr/share/cmake-3.16/Modules/CMakeCXXCompilerABI.cpp
Using built-in specs.
COLLECT_GCC=/usr/bin/c++
OFFLOAD_TARGET_NAMES=nvptx-none:hsa
OFFLOAD_TARGET_DEFAULT=1
Target: x86_64-linux-gnu
Configured with: ../src/configure -v --with-pkgversion='Ubuntu 9.3.0-17ubuntu1~20.04' --with-bugurl=file:///usr/share/doc/gcc-9/README.Bugs --enable-languages=c,ada,c++,go,brig,d,fortran,objc,obj-c++,gm2 --prefix=/usr --with-gcc-major-version-only --program-suffix=-9 --program-prefix=x86_64-linux-gnu- --enable-shared --enable-linker-build-id --libexecdir=/usr/lib --without-included-gettext --enable-threads=posix --libdir=/usr/lib --enable-nls --enable-clocale=gnu --enable-libstdcxx-debug --enable-libstdcxx-time=yes --with-default-libstdcxx-abi=new --enable-gnu-unique-object --disable-vtable-verify --enable-plugin --enable-default-pie --with-system-zlib --with-target-system-zlib=auto --enable-objc-gc=auto --enable-multiarch --disable-werror --with-arch-32=i686 --with-abi=m64 --with-multilib-list=m32,m64,mx32 --enable-multilib --with-tune=generic --enable-offload-targets=nvptx-none=/build/gcc-9-HskZEa/gcc-9-9.3.0/debian/tmp-nvptx/usr,hsa --without-cuda-driver --enable-checking=release --build=x86_64-linux-gnu --host=x86_64-linux-gnu --target=x86_64-linux-gnu
Thread model: posix
gcc version 9.3.0 (Ubuntu 9.3.0-17ubuntu1~20.04) 
COLLECT_GCC_OPTIONS='-v' '-o' 'CMakeFiles/cmTC_a1b04.dir/CMakeCXXCompilerABI.cpp.o' '-c' '-shared-libgcc' '-mtune=generic' '-march=x86-64'
 /usr/lib/gcc/x86_64-linux-gnu/9/cc1plus -quiet -v -imultiarch x86_64-linux-gnu -D_GNU_SOURCE /usr/share/cmake-3.16/Modules/CMakeCXXCompilerABI.cpp -quiet -dumpbase CMakeCXXCompilerABI.cpp -mtune=generic -march=x86-64 -auxbase-strip CMakeFiles/cmTC_a1b04.dir/CMakeCXXCompilerABI.cpp.o -version -fasynchronous-unwind-tables -fstack-protector-strong -Wformat -Wformat-security -fstack-clash-protection -fcf-protection -o /tmp/ccxQX3mz.s
GNU C++14 (Ubuntu 9.3.0-17ubuntu1~20.04) version 9.3.0 (x86_64-linux-gnu)
	compiled by GNU C version 9.3.0, GMP version 6.2.0, MPFR version 4.0.2, MPC version 1.1.0, isl version isl-0.22.1-GMP

GGC heuristics: --param ggc-min-expand=100 --param ggc-min-heapsize=131072
ignoring duplicate directory "/usr/include/x86_64-linux-gnu/c++/9"
ignoring nonexistent directory "/usr/local/include/x86_64-linux-gnu"
ignoring nonexistent directory "/usr/lib/gcc/x86_64-linux-gnu/9/include-fixed"
ignoring nonexistent directory "/usr/lib/gcc/x86_64-linux-gnu/9/../../../../x86_64-linux-gnu/include"
#include "..." search starts here:
#include <...> search starts here:
 /usr/include/c++/9
 /usr/include/x86_64-linux-gnu/c++/9
 /usr/include/c++/9/backward
 /usr/lib/gcc/x86_64-linux-gnu/9/include
 /usr/local/include
 /usr/include/x86_64-linux-gnu
 /usr/include
End of search list.
GNU C++14 (Ubuntu 9.3.0-17ubuntu1~20.04) version 9.3.0 (x86_64-linux-gnu)
	compiled by GNU C version 9.3.0, GMP version 6.2.0, MPFR version 4.0.2, MPC version 1.1.0, isl version isl-0.22.1-GMP

GGC heuristics: --param ggc-min-expand=100 --param ggc-min-heapsize=131072
Compiler executable checksum: 466f818abe2f30ba03783f22bd12d815
COLLECT_GCC_OPTIONS='-v' '-o' 'CMakeFiles/cmTC_a1b04.dir/CMakeCXXCompilerABI.cpp.o' '-c' '-shared-libgcc' '-mtune=generic' '-march=x86-64'
 as -v --64 -o CMakeFiles/cmTC_a1b04.dir/CMakeCXXCompilerABI.cpp.o /tmp/ccxQX3mz.s
GNU assembler version 2.34 (x86_64-linux-gnu) using BFD version (GNU Binutils for Ubuntu) 2.34
COMPILER_PATH=/usr/lib/gcc/x86_64-linux-gnu/9/:/usr/lib/gcc/x86_64-linux-gnu/9/:/usr/lib/gcc/x86_64-linux-gnu/:/usr/lib/gcc/x86_64-linux-gnu/9/:/usr/lib/gcc/x86_64-linux-gnu/
LIBRARY_PATH=/usr/lib/gcc/x86_64-linux-gnu/9/:/usr/lib/gcc/x86_64-linux-gnu/9/../../../x86_64-linux-gnu/:/usr/lib/gcc/x86_64-linux-gnu/9/../../../../lib/:/lib/x86_64-linux-gnu/:/lib/../lib/:/usr/lib/x86_64-linux-gnu/:/usr/lib/../lib/:/usr/lib/gcc/x86_64-linux-gnu/9/../../../:/lib/:/usr/lib/
COLLECT_GCC_OPTIONS='-v' '-o' 'CMakeFiles/cmTC_a1b04.dir/CMakeCXXCompilerABI.cpp.o' '-c' '-shared-libgcc' '-mtune=generic' '-march=x86-64'
Linking CXX executable cmTC_a1b04
/usr/bin/cmake -E cmake_link_script CMakeFiles/cmTC_a1b04.dir/link.txt --verbose=1
/usr/bin/c++      -v CMakeFiles/cmTC_a1b04.dir/CMakeCXXCompilerABI.cpp.o  -o cmTC_a1b04 
Using built-in specs.
COLLECT_GCC=/usr/bin/c++
COLLECT_LTO_WRAPPER=/usr/lib/gcc/x86_64-linux-gnu/9/lto-wrapper
OFFLOAD_TARGET_NAMES=nvptx-none:hsa
OFFLOAD_TARGET_DEFAULT=1
Target: x86_64-linux-gnu
Configured with: ../src/configure -v --with-pkgversion='Ubuntu 9.3.0-17ubuntu1~20.04' --with-bugurl=file:///usr/share/doc/gcc-9/README.Bugs --enable-languages=c,ada,c++,go,brig,d,fortran,objc,obj-c++,gm2 --prefix=/usr --with-gcc-major-version-only --program-suffix=-9 --program-prefix=x86_64-linux-gnu- --enable-shared --enable-linker-build-id --libexecdir=/usr/lib --without-included-gettext --enable-threads=posix --libdir=/usr/lib --enable-nls --enable-clocale=gnu --enable-libstdcxx-debug --enable-libstdcxx-time=yes --with-default-libstdcxx-abi=new --enable-gnu-unique-object --disable-vtable-verify --enable-plugin --enable-default-pie --with-system-zlib --with-target-system-zlib=auto --enable-objc-gc=auto --enable-multiarch --disable-werror --with-arch-32=i686 --with-abi=m64 --with-multilib-list=m32,m64,mx32 --enable-multilib --with-tune=generic --enable-offload-targets=nvptx-none=/build/gcc-9-HskZEa/gcc-9-9.3.0/debian/tmp-nvptx/usr,hsa --without-cuda-driver --enable-checking=release --build=x86_64-linux-gnu --host=x86_64-linux-gnu --target=x86_64-linux-gnu
Thread model: posix
gcc version 9.3.0 (Ubuntu 9.3.0-17ubuntu1~20.04) 
COMPILER_PATH=/usr/lib/gcc/x86_64-linux-gnu/9/:/usr/lib/gcc/x86_64-linux-gnu/9/:/usr/lib/gcc/x86_64-linux-gnu/:/usr/lib/gcc/x86_64-linux-gnu/9/:/usr/lib/gcc/x86_64-linux-gnu/
LIBRARY_PATH=/usr/lib/gcc/x86_64-linux-gnu/9/:/usr/lib/gcc/x86_64-linux-gnu/9/../../../x86_64-linux-gnu/:/usr/lib/gcc/x86_64-linux-gnu/9/../../../../lib/:/lib/x86_64-linux-gnu/:/lib/../lib/:/usr/lib/x86_64-linux-gnu/:/usr/lib/../lib/:/usr/lib/gcc/x86_64-linux-gnu/9/../../../:/lib/:/usr/lib/
COLLECT_GCC_OPTIONS='-v' '-o' 'cmTC_a1b04' '-shared-libgcc' '-mtune=generic' '-march=x86-64'
 /usr/lib/gcc/x86_64-linux-gnu/9/collect2 -plugin /usr/lib/gcc/x86_64-linux-gnu/9/liblto_plugin.so -plugin-opt=/usr/lib/gcc/x86_64-linux-gnu/9/lto-wrapper -plugin-opt=-fresolution=/tmp/cc8ZB3x1.res -plugin-opt=-pass-through=-lgcc_s -plugin-opt=-pass-through=-lgcc -plugin-opt=-pass-through=-lc -plugin-opt=-pass-through=-lgcc_s -plugin-opt=-pass-through=-lgcc --build-id --eh-frame-hdr -m elf_x86_64 --hash-style=gnu --as-needed -dynamic-linker /lib64/ld-linux-x86-64.so.2 -pie -z now -z relro -o cmTC_a1b04 /usr/lib/gcc/x86_64-linux-gnu/9/../../../x86_64-linux-gnu/Scrt1.o /usr/lib/gcc/x86_64-linux-gnu/9/../../../x86_64-linux-gnu/crti.o /usr/lib/gcc/x86_64-linux-gnu/9/crtbeginS.o -L/usr/lib/gcc/x86_64-linux-gnu/9 -L/usr/lib/gcc/x86_64-linux-gnu/9/../../../x86_64-linux-gnu -L/usr/lib/gcc/x86_64-linux-gnu/9/../../../../lib -L/lib/x86_64-linux-gnu -L/lib/../lib -L/usr/lib/x86_64-linux-gnu -L/usr/lib/../lib -L/usr/lib/gcc/x86_64-linux-gnu/9/../../.. CMakeFiles/cmTC_a1b04.dir/CMakeCXXCompilerABI.cpp.o -lstdc++ -lm -lgcc_s -lgcc -lc -lgcc_s -lgcc /usr/lib/gcc/x86_64-linux-gnu/9/crtendS.o /usr/lib/gcc/x86_64-linux-gnu/9/../../../x86_64-linux-gnu/crtn.o
COLLECT_GCC_OPTIONS='-v' '-o' 'cmTC_a1b04' '-shared-libgcc' '-mtune=generic' '-march=x86-64'
make[1]: Leaving directory '/home/daianeff/aom/bin/CMakeFiles/CMakeTmp'



Parsed CXX implicit include dir info from above output: rv=done
  found start of include info
  found start of implicit include info
    add: [/usr/include/c++/9]
    add: [/usr/include/x86_64-linux-gnu/c++/9]
    add: [/usr/include/c++/9/backward]
    add: [/usr/lib/gcc/x86_64-linux-gnu/9/include]
    add: [/usr/local/include]
    add: [/usr/include/x86_64-linux-gnu]
    add: [/usr/include]
  end of search list found
  collapse include dir [/usr/include/c++/9] ==> [/usr/include/c++/9]
  collapse include dir [/usr/include/x86_64-linux-gnu/c++/9] ==> [/usr/include/x86_64-linux-gnu/c++/9]
  collapse include dir [/usr/include/c++/9/backward] ==> [/usr/include/c++/9/backward]
  collapse include dir [/usr/lib/gcc/x86_64-linux-gnu/9/include] ==> [/usr/lib/gcc/x86_64-linux-gnu/9/include]
  collapse include dir [/usr/local/include] ==> [/usr/local/include]
  collapse include dir [/usr/include/x86_64-linux-gnu] ==> [/usr/include/x86_64-linux-gnu]
  collapse include dir [/usr/include] ==> [/usr/include]
  implicit include dirs: [/usr/include/c++/9;/usr/include/x86_64-linux-gnu/c++/9;/usr/include/c++/9/backward;/usr/lib/gcc/x86_64-linux-gnu/9/include;/usr/local/include;/usr/include/x86_64-linux-gnu;/usr/include]


Parsed CXX implicit link information from above output:
  link line regex: [^( *|.*[/\])(ld|CMAKE_LINK_STARTFILE-NOTFOUND|([^/\]+-)?ld|collect2)[^/\]*( |$)]
  ignore line: [Change Dir: /home/daianeff/aom/bin/CMakeFiles/CMakeTmp]
  ignore line: []
  ignore line: [Run Build Command(s):/usr/bin/make cmTC_a1b04/fast && /usr/bin/make -f CMakeFiles/cmTC_a1b04.dir/build.make CMakeFiles/cmTC_a1b04.dir/build]
  ignore line: [make[1]: Entering directory '/home/daianeff/aom/bin/CMakeFiles/CMakeTmp']
  ignore line: [Building CXX object CMakeFiles/cmTC_a1b04.dir/CMakeCXXCompilerABI.cpp.o]
  ignore line: [/usr/bin/c++    -v -o CMakeFiles/cmTC_a1b04.dir/CMakeCXXCompilerABI.cpp.o -c /usr/share/cmake-3.16/Modules/CMakeCXXCompilerABI.cpp]
  ignore line: [Using built-in specs.]
  ignore line: [COLLECT_GCC=/usr/bin/c++]
  ignore line: [OFFLOAD_TARGET_NAMES=nvptx-none:hsa]
  ignore line: [OFFLOAD_TARGET_DEFAULT=1]
  ignore line: [Target: x86_64-linux-gnu]
  ignore line: [Configured with: ../src/configure -v --with-pkgversion='Ubuntu 9.3.0-17ubuntu1~20.04' --with-bugurl=file:///usr/share/doc/gcc-9/README.Bugs --enable-languages=c ada c++ go brig d fortran objc obj-c++ gm2 --prefix=/usr --with-gcc-major-version-only --program-suffix=-9 --program-prefix=x86_64-linux-gnu- --enable-shared --enable-linker-build-id --libexecdir=/usr/lib --without-included-gettext --enable-threads=posix --libdir=/usr/lib --enable-nls --enable-clocale=gnu --enable-libstdcxx-debug --enable-libstdcxx-time=yes --with-default-libstdcxx-abi=new --enable-gnu-unique-object --disable-vtable-verify --enable-plugin --enable-default-pie --with-system-zlib --with-target-system-zlib=auto --enable-objc-gc=auto --enable-multiarch --disable-werror --with-arch-32=i686 --with-abi=m64 --with-multilib-list=m32 m64 mx32 --enable-multilib --with-tune=generic --enable-offload-targets=nvptx-none=/build/gcc-9-HskZEa/gcc-9-9.3.0/debian/tmp-nvptx/usr hsa --without-cuda-driver --enable-checking=release --build=x86_64-linux-gnu --host=x86_64-linux-gnu --target=x86_64-linux-gnu]
  ignore line: [Thread model: posix]
  ignore line: [gcc version 9.3.0 (Ubuntu 9.3.0-17ubuntu1~20.04) ]
  ignore line: [COLLECT_GCC_OPTIONS='-v' '-o' 'CMakeFiles/cmTC_a1b04.dir/CMakeCXXCompilerABI.cpp.o' '-c' '-shared-libgcc' '-mtune=generic' '-march=x86-64']
  ignore line: [ /usr/lib/gcc/x86_64-linux-gnu/9/cc1plus -quiet -v -imultiarch x86_64-linux-gnu -D_GNU_SOURCE /usr/share/cmake-3.16/Modules/CMakeCXXCompilerABI.cpp -quiet -dumpbase CMakeCXXCompilerABI.cpp -mtune=generic -march=x86-64 -auxbase-strip CMakeFiles/cmTC_a1b04.dir/CMakeCXXCompilerABI.cpp.o -version -fasynchronous-unwind-tables -fstack-protector-strong -Wformat -Wformat-security -fstack-clash-protection -fcf-protection -o /tmp/ccxQX3mz.s]
  ignore line: [GNU C++14 (Ubuntu 9.3.0-17ubuntu1~20.04) version 9.3.0 (x86_64-linux-gnu)]
  ignore line: [	compiled by GNU C version 9.3.0  GMP version 6.2.0  MPFR version 4.0.2  MPC version 1.1.0  isl version isl-0.22.1-GMP]
  ignore line: []
  ignore line: [GGC heuristics: --param ggc-min-expand=100 --param ggc-min-heapsize=131072]
  ignore line: [ignoring duplicate directory "/usr/include/x86_64-linux-gnu/c++/9"]
  ignore line: [ignoring nonexistent directory "/usr/local/include/x86_64-linux-gnu"]
  ignore line: [ignoring nonexistent directory "/usr/lib/gcc/x86_64-linux-gnu/9/include-fixed"]
  ignore line: [ignoring nonexistent directory "/usr/lib/gcc/x86_64-linux-gnu/9/../../../../x86_64-linux-gnu/include"]
  ignore line: [#include "..." search starts here:]
  ignore line: [#include <...> search starts here:]
  ignore line: [ /usr/include/c++/9]
  ignore line: [ /usr/include/x86_64-linux-gnu/c++/9]
  ignore line: [ /usr/include/c++/9/backward]
  ignore line: [ /usr/lib/gcc/x86_64-linux-gnu/9/include]
  ignore line: [ /usr/local/include]
  ignore line: [ /usr/include/x86_64-linux-gnu]
  ignore line: [ /usr/include]
  ignore line: [End of search list.]
  ignore line: [GNU C++14 (Ubuntu 9.3.0-17ubuntu1~20.04) version 9.3.0 (x86_64-linux-gnu)]
  ignore line: [	compiled by GNU C version 9.3.0  GMP version 6.2.0  MPFR version 4.0.2  MPC version 1.1.0  isl version isl-0.22.1-GMP]
  ignore line: []
  ignore line: [GGC heuristics: --param ggc-min-expand=100 --param ggc-min-heapsize=131072]
  ignore line: [Compiler executable checksum: 466f818abe2f30ba03783f22bd12d815]
  ignore line: [COLLECT_GCC_OPTIONS='-v' '-o' 'CMakeFiles/cmTC_a1b04.dir/CMakeCXXCompilerABI.cpp.o' '-c' '-shared-libgcc' '-mtune=generic' '-march=x86-64']
  ignore line: [ as -v --64 -o CMakeFiles/cmTC_a1b04.dir/CMakeCXXCompilerABI.cpp.o /tmp/ccxQX3mz.s]
  ignore line: [GNU assembler version 2.34 (x86_64-linux-gnu) using BFD version (GNU Binutils for Ubuntu) 2.34]
  ignore line: [COMPILER_PATH=/usr/lib/gcc/x86_64-linux-gnu/9/:/usr/lib/gcc/x86_64-linux-gnu/9/:/usr/lib/gcc/x86_64-linux-gnu/:/usr/lib/gcc/x86_64-linux-gnu/9/:/usr/lib/gcc/x86_64-linux-gnu/]
  ignore line: [LIBRARY_PATH=/usr/lib/gcc/x86_64-linux-gnu/9/:/usr/lib/gcc/x86_64-linux-gnu/9/../../../x86_64-linux-gnu/:/usr/lib/gcc/x86_64-linux-gnu/9/../../../../lib/:/lib/x86_64-linux-gnu/:/lib/../lib/:/usr/lib/x86_64-linux-gnu/:/usr/lib/../lib/:/usr/lib/gcc/x86_64-linux-gnu/9/../../../:/lib/:/usr/lib/]
  ignore line: [COLLECT_GCC_OPTIONS='-v' '-o' 'CMakeFiles/cmTC_a1b04.dir/CMakeCXXCompilerABI.cpp.o' '-c' '-shared-libgcc' '-mtune=generic' '-march=x86-64']
  ignore line: [Linking CXX executable cmTC_a1b04]
  ignore line: [/usr/bin/cmake -E cmake_link_script CMakeFiles/cmTC_a1b04.dir/link.txt --verbose=1]
  ignore line: [/usr/bin/c++      -v CMakeFiles/cmTC_a1b04.dir/CMakeCXXCompilerABI.cpp.o  -o cmTC_a1b04 ]
  ignore line: [Using built-in specs.]
  ignore line: [COLLECT_GCC=/usr/bin/c++]
  ignore line: [COLLECT_LTO_WRAPPER=/usr/lib/gcc/x86_64-linux-gnu/9/lto-wrapper]
  ignore line: [OFFLOAD_TARGET_NAMES=nvptx-none:hsa]
  ignore line: [OFFLOAD_TARGET_DEFAULT=1]
  ignore line: [Target: x86_64-linux-gnu]
  ignore line: [Configured with: ../src/configure -v --with-pkgversion='Ubuntu 9.3.0-17ubuntu1~20.04' --with-bugurl=file:///usr/share/doc/gcc-9/README.Bugs --enable-languages=c ada c++ go brig d fortran objc obj-c++ gm2 --prefix=/usr --with-gcc-major-version-only --program-suffix=-9 --program-prefix=x86_64-linux-gnu- --enable-shared --enable-linker-build-id --libexecdir=/usr/lib --without-included-gettext --enable-threads=posix --libdir=/usr/lib --enable-nls --enable-clocale=gnu --enable-libstdcxx-debug --enable-libstdcxx-time=yes --with-default-libstdcxx-abi=new --enable-gnu-unique-object --disable-vtable-verify --enable-plugin --enable-default-pie --with-system-zlib --with-target-system-zlib=auto --enable-objc-gc=auto --enable-multiarch --disable-werror --with-arch-32=i686 --with-abi=m64 --with-multilib-list=m32 m64 mx32 --enable-multilib --with-tune=generic --enable-offload-targets=nvptx-none=/build/gcc-9-HskZEa/gcc-9-9.3.0/debian/tmp-nvptx/usr hsa --without-cuda-driver --enable-checking=release --build=x86_64-linux-gnu --host=x86_64-linux-gnu --target=x86_64-linux-gnu]
  ignore line: [Thread model: posix]
  ignore line: [gcc version 9.3.0 (Ubuntu 9.3.0-17ubuntu1~20.04) ]
  ignore line: [COMPILER_PATH=/usr/lib/gcc/x86_64-linux-gnu/9/:/usr/lib/gcc/x86_64-linux-gnu/9/:/usr/lib/gcc/x86_64-linux-gnu/:/usr/lib/gcc/x86_64-linux-gnu/9/:/usr/lib/gcc/x86_64-linux-gnu/]
  ignore line: [LIBRARY_PATH=/usr/lib/gcc/x86_64-linux-gnu/9/:/usr/lib/gcc/x86_64-linux-gnu/9/../../../x86_64-linux-gnu/:/usr/lib/gcc/x86_64-linux-gnu/9/../../../../lib/:/lib/x86_64-linux-gnu/:/lib/../lib/:/usr/lib/x86_64-linux-gnu/:/usr/lib/../lib/:/usr/lib/gcc/x86_64-linux-gnu/9/../../../:/lib/:/usr/lib/]
  ignore line: [COLLECT_GCC_OPTIONS='-v' '-o' 'cmTC_a1b04' '-shared-libgcc' '-mtune=generic' '-march=x86-64']
  link line: [ /usr/lib/gcc/x86_64-linux-gnu/9/collect2 -plugin /usr/lib/gcc/x86_64-linux-gnu/9/liblto_plugin.so -plugin-opt=/usr/lib/gcc/x86_64-linux-gnu/9/lto-wrapper -plugin-opt=-fresolution=/tmp/cc8ZB3x1.res -plugin-opt=-pass-through=-lgcc_s -plugin-opt=-pass-through=-lgcc -plugin-opt=-pass-through=-lc -plugin-opt=-pass-through=-lgcc_s -plugin-opt=-pass-through=-lgcc --build-id --eh-frame-hdr -m elf_x86_64 --hash-style=gnu --as-needed -dynamic-linker /lib64/ld-linux-x86-64.so.2 -pie -z now -z relro -o cmTC_a1b04 /usr/lib/gcc/x86_64-linux-gnu/9/../../../x86_64-linux-gnu/Scrt1.o /usr/lib/gcc/x86_64-linux-gnu/9/../../../x86_64-linux-gnu/crti.o /usr/lib/gcc/x86_64-linux-gnu/9/crtbeginS.o -L/usr/lib/gcc/x86_64-linux-gnu/9 -L/usr/lib/gcc/x86_64-linux-gnu/9/../../../x86_64-linux-gnu -L/usr/lib/gcc/x86_64-linux-gnu/9/../../../../lib -L/lib/x86_64-linux-gnu -L/lib/../lib -L/usr/lib/x86_64-linux-gnu -L/usr/lib/../lib -L/usr/lib/gcc/x86_64-linux-gnu/9/../../.. CMakeFiles/cmTC_a1b04.dir/CMakeCXXCompilerABI.cpp.o -lstdc++ -lm -lgcc_s -lgcc -lc -lgcc_s -lgcc /usr/lib/gcc/x86_64-linux-gnu/9/crtendS.o /usr/lib/gcc/x86_64-linux-gnu/9/../../../x86_64-linux-gnu/crtn.o]
    arg [/usr/lib/gcc/x86_64-linux-gnu/9/collect2] ==> ignore
    arg [-plugin] ==> ignore
    arg [/usr/lib/gcc/x86_64-linux-gnu/9/liblto_plugin.so] ==> ignore
    arg [-plugin-opt=/usr/lib/gcc/x86_64-linux-gnu/9/lto-wrapper] ==> ignore
    arg [-plugin-opt=-fresolution=/tmp/cc8ZB3x1.res] ==> ignore
    arg [-plugin-opt=-pass-through=-lgcc_s] ==> ignore
    arg [-plugin-opt=-pass-through=-lgcc] ==> ignore
    arg [-plugin-opt=-pass-through=-lc] ==> ignore
    arg [-plugin-opt=-pass-through=-lgcc_s] ==> ignore
    arg [-plugin-opt=-pass-through=-lgcc] ==> ignore
    arg [--build-id] ==> ignore
    arg [--eh-frame-hdr] ==> ignore
    arg [-m] ==> ignore
    arg [elf_x86_64] ==> ignore
    arg [--hash-style=gnu] ==> ignore
    arg [--as-needed] ==> ignore
    arg [-dynamic-linker] ==> ignore
    arg [/lib64/ld-linux-x86-64.so.2] ==> ignore
    arg [-pie] ==> ignore
    arg [-znow] ==> ignore
    arg [-zrelro] ==> ignore
    arg [-o] ==> ignore
    arg [cmTC_a1b04] ==> ignore
    arg [/usr/lib/gcc/x86_64-linux-gnu/9/../../../x86_64-linux-gnu/Scrt1.o] ==> ignore
    arg [/usr/lib/gcc/x86_64-linux-gnu/9/../../../x86_64-linux-gnu/crti.o] ==> ignore
    arg [/usr/lib/gcc/x86_64-linux-gnu/9/crtbeginS.o] ==> ignore
    arg [-L/usr/lib/gcc/x86_64-linux-gnu/9] ==> dir [/usr/lib/gcc/x86_64-linux-gnu/9]
    arg [-L/usr/lib/gcc/x86_64-linux-gnu/9/../../../x86_64-linux-gnu] ==> dir [/usr/lib/gcc/x86_64-linux-gnu/9/../../../x86_64-linux-gnu]
    arg [-L/usr/lib/gcc/x86_64-linux-gnu/9/../../../../lib] ==> dir [/usr/lib/gcc/x86_64-linux-gnu/9/../../../../lib]
    arg [-L/lib/x86_64-linux-gnu] ==> dir [/lib/x86_64-linux-gnu]
    arg [-L/lib/../lib] ==> dir [/lib/../lib]
    arg [-L/usr/lib/x86_64-linux-gnu] ==> dir [/usr/lib/x86_64-linux-gnu]
    arg [-L/usr/lib/../lib] ==> dir [/usr/lib/../lib]
    arg [-L/usr/lib/gcc/x86_64-linux-gnu/9/../../..] ==> dir [/usr/lib/gcc/x86_64-linux-gnu/9/../../..]
    arg [CMakeFiles/cmTC_a1b04.dir/CMakeCXXCompilerABI.cpp.o] ==> ignore
    arg [-lstdc++] ==> lib [stdc++]
    arg [-lm] ==> lib [m]
    arg [-lgcc_s] ==> lib [gcc_s]
    arg [-lgcc] ==> lib [gcc]
    arg [-lc] ==> lib [c]
    arg [-lgcc_s] ==> lib [gcc_s]
    arg [-lgcc] ==> lib [gcc]
    arg [/usr/lib/gcc/x86_64-linux-gnu/9/crtendS.o] ==> ignore
    arg [/usr/lib/gcc/x86_64-linux-gnu/9/../../../x86_64-linux-gnu/crtn.o] ==> ignore
  collapse library dir [/usr/lib/gcc/x86_64-linux-gnu/9] ==> [/usr/lib/gcc/x86_64-linux-gnu/9]
  collapse library dir [/usr/lib/gcc/x86_64-linux-gnu/9/../../../x86_64-linux-gnu] ==> [/usr/lib/x86_64-linux-gnu]
  collapse library dir [/usr/lib/gcc/x86_64-linux-gnu/9/../../../../lib] ==> [/usr/lib]
  collapse library dir [/lib/x86_64-linux-gnu] ==> [/lib/x86_64-linux-gnu]
  collapse library dir [/lib/../lib] ==> [/lib]
  collapse library dir [/usr/lib/x86_64-linux-gnu] ==> [/usr/lib/x86_64-linux-gnu]
  collapse library dir [/usr/lib/../lib] ==> [/usr/lib]
  collapse library dir [/usr/lib/gcc/x86_64-linux-gnu/9/../../..] ==> [/usr/lib]
  implicit libs: [stdc++;m;gcc_s;gcc;c;gcc_s;gcc]
  implicit dirs: [/usr/lib/gcc/x86_64-linux-gnu/9;/usr/lib/x86_64-linux-gnu;/usr/lib;/lib/x86_64-linux-gnu;/lib]
  implicit fwks: []


Determining if the include file pthread.h exists passed with the following output:
Change Dir: /home/daianeff/aom/bin/CMakeFiles/CMakeTmp

Run Build Command(s):/usr/bin/make cmTC_00508/fast && /usr/bin/make -f CMakeFiles/cmTC_00508.dir/build.make CMakeFiles/cmTC_00508.dir/build
make[1]: Entering directory '/home/daianeff/aom/bin/CMakeFiles/CMakeTmp'
Building C object CMakeFiles/cmTC_00508.dir/CheckIncludeFile.c.o
/usr/bin/cc    -o CMakeFiles/cmTC_00508.dir/CheckIncludeFile.c.o   -c /home/daianeff/aom/bin/CMakeFiles/CMakeTmp/CheckIncludeFile.c
Linking C executable cmTC_00508
/usr/bin/cmake -E cmake_link_script CMakeFiles/cmTC_00508.dir/link.txt --verbose=1
/usr/bin/cc      CMakeFiles/cmTC_00508.dir/CheckIncludeFile.c.o  -o cmTC_00508 
make[1]: Leaving directory '/home/daianeff/aom/bin/CMakeFiles/CMakeTmp'



Determining if the function pthread_create exists in the pthread passed with the following output:
Change Dir: /home/daianeff/aom/bin/CMakeFiles/CMakeTmp

Run Build Command(s):/usr/bin/make cmTC_3ab2a/fast && /usr/bin/make -f CMakeFiles/cmTC_3ab2a.dir/build.make CMakeFiles/cmTC_3ab2a.dir/build
make[1]: Entering directory '/home/daianeff/aom/bin/CMakeFiles/CMakeTmp'
Building C object CMakeFiles/cmTC_3ab2a.dir/CheckFunctionExists.c.o
/usr/bin/cc   -DCHECK_FUNCTION_EXISTS=pthread_create   -o CMakeFiles/cmTC_3ab2a.dir/CheckFunctionExists.c.o   -c /usr/share/cmake-3.16/Modules/CheckFunctionExists.c
Linking C executable cmTC_3ab2a
/usr/bin/cmake -E cmake_link_script CMakeFiles/cmTC_3ab2a.dir/link.txt --verbose=1
/usr/bin/cc  -DCHECK_FUNCTION_EXISTS=pthread_create    CMakeFiles/cmTC_3ab2a.dir/CheckFunctionExists.c.o  -o cmTC_3ab2a  -lpthread 
make[1]: Leaving directory '/home/daianeff/aom/bin/CMakeFiles/CMakeTmp'



Performing C SOURCE FILE Test C_TEST_COMPILED succeeded with the following output:
Change Dir: /home/daianeff/aom/bin/CMakeFiles/CMakeTmp

Run Build Command(s):/usr/bin/make cmTC_87593/fast && /usr/bin/make -f CMakeFiles/cmTC_87593.dir/build.make CMakeFiles/cmTC_87593.dir/build
make[1]: Entering directory '/home/daianeff/aom/bin/CMakeFiles/CMakeTmp'
Building C object CMakeFiles/cmTC_87593.dir/src.c.o
/usr/bin/cc   -DC_TEST_COMPILED   -o CMakeFiles/cmTC_87593.dir/src.c.o   -c /home/daianeff/aom/bin/CMakeFiles/CMakeTmp/src.c
Linking C executable cmTC_87593
/usr/bin/cmake -E cmake_link_script CMakeFiles/cmTC_87593.dir/link.txt --verbose=1
/usr/bin/cc  -DC_TEST_COMPILED    CMakeFiles/cmTC_87593.dir/src.c.o  -o cmTC_87593 
make[1]: Leaving directory '/home/daianeff/aom/bin/CMakeFiles/CMakeTmp'


Source file was:
static inline void function(void) {} 
int main(void) { return 0; }
Performing C++ SOURCE FILE Test CXX_TEST_COMPILED succeeded with the following output:
Change Dir: /home/daianeff/aom/bin/CMakeFiles/CMakeTmp

Run Build Command(s):/usr/bin/make cmTC_3c818/fast && /usr/bin/make -f CMakeFiles/cmTC_3c818.dir/build.make CMakeFiles/cmTC_3c818.dir/build
make[1]: Entering directory '/home/daianeff/aom/bin/CMakeFiles/CMakeTmp'
Building CXX object CMakeFiles/cmTC_3c818.dir/src.cxx.o
/usr/bin/c++    -DCXX_TEST_COMPILED   -o CMakeFiles/cmTC_3c818.dir/src.cxx.o -c /home/daianeff/aom/bin/CMakeFiles/CMakeTmp/src.cxx
Linking CXX executable cmTC_3c818
/usr/bin/cmake -E cmake_link_script CMakeFiles/cmTC_3c818.dir/link.txt --verbose=1
/usr/bin/c++   -DCXX_TEST_COMPILED    CMakeFiles/cmTC_3c818.dir/src.cxx.o  -o cmTC_3c818 
make[1]: Leaving directory '/home/daianeff/aom/bin/CMakeFiles/CMakeTmp'


Source file was:
static inline void function(void) {} 
int main() { return 0; }
Performing C SOURCE FILE Test C_TEST_COMPILED succeeded with the following output:
Change Dir: /home/daianeff/aom/bin/CMakeFiles/CMakeTmp

Run Build Command(s):/usr/bin/make cmTC_6715d/fast && /usr/bin/make -f CMakeFiles/cmTC_6715d.dir/build.make CMakeFiles/cmTC_6715d.dir/build
make[1]: Entering directory '/home/daianeff/aom/bin/CMakeFiles/CMakeTmp'
Building C object CMakeFiles/cmTC_6715d.dir/src.c.o
/usr/bin/cc   -DC_TEST_COMPILED   -o CMakeFiles/cmTC_6715d.dir/src.c.o   -c /home/daianeff/aom/bin/CMakeFiles/CMakeTmp/src.c
Linking C executable cmTC_6715d
/usr/bin/cmake -E cmake_link_script CMakeFiles/cmTC_6715d.dir/link.txt --verbose=1
/usr/bin/cc  -DC_TEST_COMPILED    CMakeFiles/cmTC_6715d.dir/src.c.o  -o cmTC_6715d 
make[1]: Leaving directory '/home/daianeff/aom/bin/CMakeFiles/CMakeTmp'


Source file was:
#include <unistd.h> 
int main(void) { return 0; }
Performing C++ SOURCE FILE Test CXX_TEST_COMPILED succeeded with the following output:
Change Dir: /home/daianeff/aom/bin/CMakeFiles/CMakeTmp

Run Build Command(s):/usr/bin/make cmTC_320f8/fast && /usr/bin/make -f CMakeFiles/cmTC_320f8.dir/build.make CMakeFiles/cmTC_320f8.dir/build
make[1]: Entering directory '/home/daianeff/aom/bin/CMakeFiles/CMakeTmp'
Building CXX object CMakeFiles/cmTC_320f8.dir/src.cxx.o
/usr/bin/c++    -DCXX_TEST_COMPILED   -o CMakeFiles/cmTC_320f8.dir/src.cxx.o -c /home/daianeff/aom/bin/CMakeFiles/CMakeTmp/src.cxx
Linking CXX executable cmTC_320f8
/usr/bin/cmake -E cmake_link_script CMakeFiles/cmTC_320f8.dir/link.txt --verbose=1
/usr/bin/c++   -DCXX_TEST_COMPILED    CMakeFiles/cmTC_320f8.dir/src.cxx.o  -o cmTC_320f8 
make[1]: Leaving directory '/home/daianeff/aom/bin/CMakeFiles/CMakeTmp'


Source file was:
#include <unistd.h> 
int main() { return 0; }
Performing C SOURCE FILE Test C_TEST_COMPILED succeeded with the following output:
Change Dir: /home/daianeff/aom/bin/CMakeFiles/CMakeTmp

Run Build Command(s):/usr/bin/make cmTC_2bd9e/fast && /usr/bin/make -f CMakeFiles/cmTC_2bd9e.dir/build.make CMakeFiles/cmTC_2bd9e.dir/build
make[1]: Entering directory '/home/daianeff/aom/bin/CMakeFiles/CMakeTmp'
Building C object CMakeFiles/cmTC_2bd9e.dir/src.c.o
/usr/bin/cc   -DC_TEST_COMPILED   -o CMakeFiles/cmTC_2bd9e.dir/src.c.o   -c /home/daianeff/aom/bin/CMakeFiles/CMakeTmp/src.c
Linking C executable cmTC_2bd9e
/usr/bin/cmake -E cmake_link_script CMakeFiles/cmTC_2bd9e.dir/link.txt --verbose=1
/usr/bin/cc  -DC_TEST_COMPILED    CMakeFiles/cmTC_2bd9e.dir/src.c.o  -o cmTC_2bd9e  -lm 
make[1]: Leaving directory '/home/daianeff/aom/bin/CMakeFiles/CMakeTmp'


Source file was:
#define _GNU_SOURCE
                        #include <fenv.h>
                        void unused(void) {
                          (void)unused;
                          (void)feenableexcept(FE_DIVBYZERO | FE_INVALID);
                        } 
int main(void) { return 0; }
Performing C SOURCE FILE Test HAVE_C_FLAG succeeded with the following output:
Change Dir: /home/daianeff/aom/bin/CMakeFiles/CMakeTmp

Run Build Command(s):/usr/bin/make cmTC_e90e4/fast && /usr/bin/make -f CMakeFiles/cmTC_e90e4.dir/build.make CMakeFiles/cmTC_e90e4.dir/build
make[1]: Entering directory '/home/daianeff/aom/bin/CMakeFiles/CMakeTmp'
Building C object CMakeFiles/cmTC_e90e4.dir/src.c.o
/usr/bin/cc   -DHAVE_C_FLAG   -std=c99 -o CMakeFiles/cmTC_e90e4.dir/src.c.o   -c /home/daianeff/aom/bin/CMakeFiles/CMakeTmp/src.c
Linking C executable cmTC_e90e4
/usr/bin/cmake -E cmake_link_script CMakeFiles/cmTC_e90e4.dir/link.txt --verbose=1
/usr/bin/cc  -DHAVE_C_FLAG    CMakeFiles/cmTC_e90e4.dir/src.c.o  -o cmTC_e90e4  -lm 
make[1]: Leaving directory '/home/daianeff/aom/bin/CMakeFiles/CMakeTmp'


Source file was:
int main(void) { return 0; }
Performing C++ SOURCE FILE Test HAVE_CXX_FLAG succeeded with the following output:
Change Dir: /home/daianeff/aom/bin/CMakeFiles/CMakeTmp

Run Build Command(s):/usr/bin/make cmTC_9d177/fast && /usr/bin/make -f CMakeFiles/cmTC_9d177.dir/build.make CMakeFiles/cmTC_9d177.dir/build
make[1]: Entering directory '/home/daianeff/aom/bin/CMakeFiles/CMakeTmp'
Building CXX object CMakeFiles/cmTC_9d177.dir/src.cxx.o
/usr/bin/c++    -DHAVE_CXX_FLAG   -std=c++11 -o CMakeFiles/cmTC_9d177.dir/src.cxx.o -c /home/daianeff/aom/bin/CMakeFiles/CMakeTmp/src.cxx
Linking CXX executable cmTC_9d177
/usr/bin/cmake -E cmake_link_script CMakeFiles/cmTC_9d177.dir/link.txt --verbose=1
/usr/bin/c++   -DHAVE_CXX_FLAG    CMakeFiles/cmTC_9d177.dir/src.cxx.o  -o cmTC_9d177  -lm 
make[1]: Leaving directory '/home/daianeff/aom/bin/CMakeFiles/CMakeTmp'


Source file was:
int main() { return 0; }
Performing C SOURCE FILE Test C_FLAG_SUPPORTED succeeded with the following output:
Change Dir: /home/daianeff/aom/bin/CMakeFiles/CMakeTmp

Run Build Command(s):/usr/bin/make cmTC_ecbf2/fast && /usr/bin/make -f CMakeFiles/cmTC_ecbf2.dir/build.make CMakeFiles/cmTC_ecbf2.dir/build
make[1]: Entering directory '/home/daianeff/aom/bin/CMakeFiles/CMakeTmp'
Building C object CMakeFiles/cmTC_ecbf2.dir/src.c.o
/usr/bin/cc   -DC_FLAG_SUPPORTED   -Wall -o CMakeFiles/cmTC_ecbf2.dir/src.c.o   -c /home/daianeff/aom/bin/CMakeFiles/CMakeTmp/src.c
Linking C executable cmTC_ecbf2
/usr/bin/cmake -E cmake_link_script CMakeFiles/cmTC_ecbf2.dir/link.txt --verbose=1
/usr/bin/cc  -DC_FLAG_SUPPORTED    CMakeFiles/cmTC_ecbf2.dir/src.c.o  -o cmTC_ecbf2  -lm 
make[1]: Leaving directory '/home/daianeff/aom/bin/CMakeFiles/CMakeTmp'


Source file was:
int main(void) { return 0; }
Performing C++ SOURCE FILE Test CXX_FLAG_SUPPORTED succeeded with the following output:
Change Dir: /home/daianeff/aom/bin/CMakeFiles/CMakeTmp

Run Build Command(s):/usr/bin/make cmTC_ff8e5/fast && /usr/bin/make -f CMakeFiles/cmTC_ff8e5.dir/build.make CMakeFiles/cmTC_ff8e5.dir/build
make[1]: Entering directory '/home/daianeff/aom/bin/CMakeFiles/CMakeTmp'
Building CXX object CMakeFiles/cmTC_ff8e5.dir/src.cxx.o
/usr/bin/c++    -DCXX_FLAG_SUPPORTED   -Wall -o CMakeFiles/cmTC_ff8e5.dir/src.cxx.o -c /home/daianeff/aom/bin/CMakeFiles/CMakeTmp/src.cxx
Linking CXX executable cmTC_ff8e5
/usr/bin/cmake -E cmake_link_script CMakeFiles/cmTC_ff8e5.dir/link.txt --verbose=1
/usr/bin/c++   -DCXX_FLAG_SUPPORTED    CMakeFiles/cmTC_ff8e5.dir/src.cxx.o  -o cmTC_ff8e5  -lm 
make[1]: Leaving directory '/home/daianeff/aom/bin/CMakeFiles/CMakeTmp'


Source file was:
int main() { return 0; }
Performing C SOURCE FILE Test C_FLAG_SUPPORTED succeeded with the following output:
Change Dir: /home/daianeff/aom/bin/CMakeFiles/CMakeTmp

Run Build Command(s):/usr/bin/make cmTC_cf964/fast && /usr/bin/make -f CMakeFiles/cmTC_cf964.dir/build.make CMakeFiles/cmTC_cf964.dir/build
make[1]: Entering directory '/home/daianeff/aom/bin/CMakeFiles/CMakeTmp'
Building C object CMakeFiles/cmTC_cf964.dir/src.c.o
/usr/bin/cc   -DC_FLAG_SUPPORTED   -Wdisabled-optimization -o CMakeFiles/cmTC_cf964.dir/src.c.o   -c /home/daianeff/aom/bin/CMakeFiles/CMakeTmp/src.c
Linking C executable cmTC_cf964
/usr/bin/cmake -E cmake_link_script CMakeFiles/cmTC_cf964.dir/link.txt --verbose=1
/usr/bin/cc  -DC_FLAG_SUPPORTED    CMakeFiles/cmTC_cf964.dir/src.c.o  -o cmTC_cf964  -lm 
make[1]: Leaving directory '/home/daianeff/aom/bin/CMakeFiles/CMakeTmp'


Source file was:
int main(void) { return 0; }
Performing C++ SOURCE FILE Test CXX_FLAG_SUPPORTED succeeded with the following output:
Change Dir: /home/daianeff/aom/bin/CMakeFiles/CMakeTmp

Run Build Command(s):/usr/bin/make cmTC_06f51/fast && /usr/bin/make -f CMakeFiles/cmTC_06f51.dir/build.make CMakeFiles/cmTC_06f51.dir/build
make[1]: Entering directory '/home/daianeff/aom/bin/CMakeFiles/CMakeTmp'
Building CXX object CMakeFiles/cmTC_06f51.dir/src.cxx.o
/usr/bin/c++    -DCXX_FLAG_SUPPORTED   -Wdisabled-optimization -o CMakeFiles/cmTC_06f51.dir/src.cxx.o -c /home/daianeff/aom/bin/CMakeFiles/CMakeTmp/src.cxx
Linking CXX executable cmTC_06f51
/usr/bin/cmake -E cmake_link_script CMakeFiles/cmTC_06f51.dir/link.txt --verbose=1
/usr/bin/c++   -DCXX_FLAG_SUPPORTED    CMakeFiles/cmTC_06f51.dir/src.cxx.o  -o cmTC_06f51  -lm 
make[1]: Leaving directory '/home/daianeff/aom/bin/CMakeFiles/CMakeTmp'


Source file was:
int main() { return 0; }
Performing C SOURCE FILE Test C_FLAG_SUPPORTED succeeded with the following output:
Change Dir: /home/daianeff/aom/bin/CMakeFiles/CMakeTmp

Run Build Command(s):/usr/bin/make cmTC_56e88/fast && /usr/bin/make -f CMakeFiles/cmTC_56e88.dir/build.make CMakeFiles/cmTC_56e88.dir/build
make[1]: Entering directory '/home/daianeff/aom/bin/CMakeFiles/CMakeTmp'
Building C object CMakeFiles/cmTC_56e88.dir/src.c.o
/usr/bin/cc   -DC_FLAG_SUPPORTED   -Wextra -o CMakeFiles/cmTC_56e88.dir/src.c.o   -c /home/daianeff/aom/bin/CMakeFiles/CMakeTmp/src.c
Linking C executable cmTC_56e88
/usr/bin/cmake -E cmake_link_script CMakeFiles/cmTC_56e88.dir/link.txt --verbose=1
/usr/bin/cc  -DC_FLAG_SUPPORTED    CMakeFiles/cmTC_56e88.dir/src.c.o  -o cmTC_56e88  -lm 
make[1]: Leaving directory '/home/daianeff/aom/bin/CMakeFiles/CMakeTmp'


Source file was:
int main(void) { return 0; }
Performing C++ SOURCE FILE Test CXX_FLAG_SUPPORTED succeeded with the following output:
Change Dir: /home/daianeff/aom/bin/CMakeFiles/CMakeTmp

Run Build Command(s):/usr/bin/make cmTC_ce832/fast && /usr/bin/make -f CMakeFiles/cmTC_ce832.dir/build.make CMakeFiles/cmTC_ce832.dir/build
make[1]: Entering directory '/home/daianeff/aom/bin/CMakeFiles/CMakeTmp'
Building CXX object CMakeFiles/cmTC_ce832.dir/src.cxx.o
/usr/bin/c++    -DCXX_FLAG_SUPPORTED   -Wextra -o CMakeFiles/cmTC_ce832.dir/src.cxx.o -c /home/daianeff/aom/bin/CMakeFiles/CMakeTmp/src.cxx
Linking CXX executable cmTC_ce832
/usr/bin/cmake -E cmake_link_script CMakeFiles/cmTC_ce832.dir/link.txt --verbose=1
/usr/bin/c++   -DCXX_FLAG_SUPPORTED    CMakeFiles/cmTC_ce832.dir/src.cxx.o  -o cmTC_ce832  -lm 
make[1]: Leaving directory '/home/daianeff/aom/bin/CMakeFiles/CMakeTmp'


Source file was:
int main() { return 0; }
Performing C SOURCE FILE Test C_FLAG_SUPPORTED succeeded with the following output:
Change Dir: /home/daianeff/aom/bin/CMakeFiles/CMakeTmp

Run Build Command(s):/usr/bin/make cmTC_35849/fast && /usr/bin/make -f CMakeFiles/cmTC_35849.dir/build.make CMakeFiles/cmTC_35849.dir/build
make[1]: Entering directory '/home/daianeff/aom/bin/CMakeFiles/CMakeTmp'
Building C object CMakeFiles/cmTC_35849.dir/src.c.o
/usr/bin/cc   -DC_FLAG_SUPPORTED   -Wfloat-conversion -o CMakeFiles/cmTC_35849.dir/src.c.o   -c /home/daianeff/aom/bin/CMakeFiles/CMakeTmp/src.c
Linking C executable cmTC_35849
/usr/bin/cmake -E cmake_link_script CMakeFiles/cmTC_35849.dir/link.txt --verbose=1
/usr/bin/cc  -DC_FLAG_SUPPORTED    CMakeFiles/cmTC_35849.dir/src.c.o  -o cmTC_35849  -lm 
make[1]: Leaving directory '/home/daianeff/aom/bin/CMakeFiles/CMakeTmp'


Source file was:
int main(void) { return 0; }
Performing C++ SOURCE FILE Test CXX_FLAG_SUPPORTED succeeded with the following output:
Change Dir: /home/daianeff/aom/bin/CMakeFiles/CMakeTmp

Run Build Command(s):/usr/bin/make cmTC_49e0d/fast && /usr/bin/make -f CMakeFiles/cmTC_49e0d.dir/build.make CMakeFiles/cmTC_49e0d.dir/build
make[1]: Entering directory '/home/daianeff/aom/bin/CMakeFiles/CMakeTmp'
Building CXX object CMakeFiles/cmTC_49e0d.dir/src.cxx.o
/usr/bin/c++    -DCXX_FLAG_SUPPORTED   -Wfloat-conversion -o CMakeFiles/cmTC_49e0d.dir/src.cxx.o -c /home/daianeff/aom/bin/CMakeFiles/CMakeTmp/src.cxx
Linking CXX executable cmTC_49e0d
/usr/bin/cmake -E cmake_link_script CMakeFiles/cmTC_49e0d.dir/link.txt --verbose=1
/usr/bin/c++   -DCXX_FLAG_SUPPORTED    CMakeFiles/cmTC_49e0d.dir/src.cxx.o  -o cmTC_49e0d  -lm 
make[1]: Leaving directory '/home/daianeff/aom/bin/CMakeFiles/CMakeTmp'


Source file was:
int main() { return 0; }
Performing C SOURCE FILE Test C_FLAG_SUPPORTED succeeded with the following output:
Change Dir: /home/daianeff/aom/bin/CMakeFiles/CMakeTmp

Run Build Command(s):/usr/bin/make cmTC_5f18f/fast && /usr/bin/make -f CMakeFiles/cmTC_5f18f.dir/build.make CMakeFiles/cmTC_5f18f.dir/build
make[1]: Entering directory '/home/daianeff/aom/bin/CMakeFiles/CMakeTmp'
Building C object CMakeFiles/cmTC_5f18f.dir/src.c.o
/usr/bin/cc   -DC_FLAG_SUPPORTED   -Wimplicit-function-declaration -o CMakeFiles/cmTC_5f18f.dir/src.c.o   -c /home/daianeff/aom/bin/CMakeFiles/CMakeTmp/src.c
Linking C executable cmTC_5f18f
/usr/bin/cmake -E cmake_link_script CMakeFiles/cmTC_5f18f.dir/link.txt --verbose=1
/usr/bin/cc  -DC_FLAG_SUPPORTED    CMakeFiles/cmTC_5f18f.dir/src.c.o  -o cmTC_5f18f  -lm 
make[1]: Leaving directory '/home/daianeff/aom/bin/CMakeFiles/CMakeTmp'


Source file was:
int main(void) { return 0; }
Performing C SOURCE FILE Test C_FLAG_SUPPORTED succeeded with the following output:
Change Dir: /home/daianeff/aom/bin/CMakeFiles/CMakeTmp

Run Build Command(s):/usr/bin/make cmTC_87941/fast && /usr/bin/make -f CMakeFiles/cmTC_87941.dir/build.make CMakeFiles/cmTC_87941.dir/build
make[1]: Entering directory '/home/daianeff/aom/bin/CMakeFiles/CMakeTmp'
Building C object CMakeFiles/cmTC_87941.dir/src.c.o
/usr/bin/cc   -DC_FLAG_SUPPORTED   -Wlogical-op -o CMakeFiles/cmTC_87941.dir/src.c.o   -c /home/daianeff/aom/bin/CMakeFiles/CMakeTmp/src.c
Linking C executable cmTC_87941
/usr/bin/cmake -E cmake_link_script CMakeFiles/cmTC_87941.dir/link.txt --verbose=1
/usr/bin/cc  -DC_FLAG_SUPPORTED    CMakeFiles/cmTC_87941.dir/src.c.o  -o cmTC_87941  -lm 
make[1]: Leaving directory '/home/daianeff/aom/bin/CMakeFiles/CMakeTmp'


Source file was:
int main(void) { return 0; }
Performing C++ SOURCE FILE Test CXX_FLAG_SUPPORTED succeeded with the following output:
Change Dir: /home/daianeff/aom/bin/CMakeFiles/CMakeTmp

Run Build Command(s):/usr/bin/make cmTC_a920b/fast && /usr/bin/make -f CMakeFiles/cmTC_a920b.dir/build.make CMakeFiles/cmTC_a920b.dir/build
make[1]: Entering directory '/home/daianeff/aom/bin/CMakeFiles/CMakeTmp'
Building CXX object CMakeFiles/cmTC_a920b.dir/src.cxx.o
/usr/bin/c++    -DCXX_FLAG_SUPPORTED   -Wlogical-op -o CMakeFiles/cmTC_a920b.dir/src.cxx.o -c /home/daianeff/aom/bin/CMakeFiles/CMakeTmp/src.cxx
Linking CXX executable cmTC_a920b
/usr/bin/cmake -E cmake_link_script CMakeFiles/cmTC_a920b.dir/link.txt --verbose=1
/usr/bin/c++   -DCXX_FLAG_SUPPORTED    CMakeFiles/cmTC_a920b.dir/src.cxx.o  -o cmTC_a920b  -lm 
make[1]: Leaving directory '/home/daianeff/aom/bin/CMakeFiles/CMakeTmp'


Source file was:
int main() { return 0; }
Performing C SOURCE FILE Test C_FLAG_SUPPORTED succeeded with the following output:
Change Dir: /home/daianeff/aom/bin/CMakeFiles/CMakeTmp

Run Build Command(s):/usr/bin/make cmTC_1298b/fast && /usr/bin/make -f CMakeFiles/cmTC_1298b.dir/build.make CMakeFiles/cmTC_1298b.dir/build
make[1]: Entering directory '/home/daianeff/aom/bin/CMakeFiles/CMakeTmp'
Building C object CMakeFiles/cmTC_1298b.dir/src.c.o
/usr/bin/cc   -DC_FLAG_SUPPORTED   -Wpointer-arith -o CMakeFiles/cmTC_1298b.dir/src.c.o   -c /home/daianeff/aom/bin/CMakeFiles/CMakeTmp/src.c
Linking C executable cmTC_1298b
/usr/bin/cmake -E cmake_link_script CMakeFiles/cmTC_1298b.dir/link.txt --verbose=1
/usr/bin/cc  -DC_FLAG_SUPPORTED    CMakeFiles/cmTC_1298b.dir/src.c.o  -o cmTC_1298b  -lm 
make[1]: Leaving directory '/home/daianeff/aom/bin/CMakeFiles/CMakeTmp'


Source file was:
int main(void) { return 0; }
Performing C++ SOURCE FILE Test CXX_FLAG_SUPPORTED succeeded with the following output:
Change Dir: /home/daianeff/aom/bin/CMakeFiles/CMakeTmp

Run Build Command(s):/usr/bin/make cmTC_eb8d4/fast && /usr/bin/make -f CMakeFiles/cmTC_eb8d4.dir/build.make CMakeFiles/cmTC_eb8d4.dir/build
make[1]: Entering directory '/home/daianeff/aom/bin/CMakeFiles/CMakeTmp'
Building CXX object CMakeFiles/cmTC_eb8d4.dir/src.cxx.o
/usr/bin/c++    -DCXX_FLAG_SUPPORTED   -Wpointer-arith -o CMakeFiles/cmTC_eb8d4.dir/src.cxx.o -c /home/daianeff/aom/bin/CMakeFiles/CMakeTmp/src.cxx
Linking CXX executable cmTC_eb8d4
/usr/bin/cmake -E cmake_link_script CMakeFiles/cmTC_eb8d4.dir/link.txt --verbose=1
/usr/bin/c++   -DCXX_FLAG_SUPPORTED    CMakeFiles/cmTC_eb8d4.dir/src.cxx.o  -o cmTC_eb8d4  -lm 
make[1]: Leaving directory '/home/daianeff/aom/bin/CMakeFiles/CMakeTmp'


Source file was:
int main() { return 0; }
Performing C SOURCE FILE Test C_FLAG_SUPPORTED succeeded with the following output:
Change Dir: /home/daianeff/aom/bin/CMakeFiles/CMakeTmp

Run Build Command(s):/usr/bin/make cmTC_f924b/fast && /usr/bin/make -f CMakeFiles/cmTC_f924b.dir/build.make CMakeFiles/cmTC_f924b.dir/build
make[1]: Entering directory '/home/daianeff/aom/bin/CMakeFiles/CMakeTmp'
Building C object CMakeFiles/cmTC_f924b.dir/src.c.o
/usr/bin/cc   -DC_FLAG_SUPPORTED   -Wsign-compare -o CMakeFiles/cmTC_f924b.dir/src.c.o   -c /home/daianeff/aom/bin/CMakeFiles/CMakeTmp/src.c
Linking C executable cmTC_f924b
/usr/bin/cmake -E cmake_link_script CMakeFiles/cmTC_f924b.dir/link.txt --verbose=1
/usr/bin/cc  -DC_FLAG_SUPPORTED    CMakeFiles/cmTC_f924b.dir/src.c.o  -o cmTC_f924b  -lm 
make[1]: Leaving directory '/home/daianeff/aom/bin/CMakeFiles/CMakeTmp'


Source file was:
int main(void) { return 0; }
Performing C++ SOURCE FILE Test CXX_FLAG_SUPPORTED succeeded with the following output:
Change Dir: /home/daianeff/aom/bin/CMakeFiles/CMakeTmp

Run Build Command(s):/usr/bin/make cmTC_d850c/fast && /usr/bin/make -f CMakeFiles/cmTC_d850c.dir/build.make CMakeFiles/cmTC_d850c.dir/build
make[1]: Entering directory '/home/daianeff/aom/bin/CMakeFiles/CMakeTmp'
Building CXX object CMakeFiles/cmTC_d850c.dir/src.cxx.o
/usr/bin/c++    -DCXX_FLAG_SUPPORTED   -Wsign-compare -o CMakeFiles/cmTC_d850c.dir/src.cxx.o -c /home/daianeff/aom/bin/CMakeFiles/CMakeTmp/src.cxx
Linking CXX executable cmTC_d850c
/usr/bin/cmake -E cmake_link_script CMakeFiles/cmTC_d850c.dir/link.txt --verbose=1
/usr/bin/c++   -DCXX_FLAG_SUPPORTED    CMakeFiles/cmTC_d850c.dir/src.cxx.o  -o cmTC_d850c  -lm 
make[1]: Leaving directory '/home/daianeff/aom/bin/CMakeFiles/CMakeTmp'


Source file was:
int main() { return 0; }
Performing C SOURCE FILE Test C_FLAG_SUPPORTED succeeded with the following output:
Change Dir: /home/daianeff/aom/bin/CMakeFiles/CMakeTmp

Run Build Command(s):/usr/bin/make cmTC_704c4/fast && /usr/bin/make -f CMakeFiles/cmTC_704c4.dir/build.make CMakeFiles/cmTC_704c4.dir/build
make[1]: Entering directory '/home/daianeff/aom/bin/CMakeFiles/CMakeTmp'
Building C object CMakeFiles/cmTC_704c4.dir/src.c.o
/usr/bin/cc   -DC_FLAG_SUPPORTED   -Wtype-limits -o CMakeFiles/cmTC_704c4.dir/src.c.o   -c /home/daianeff/aom/bin/CMakeFiles/CMakeTmp/src.c
Linking C executable cmTC_704c4
/usr/bin/cmake -E cmake_link_script CMakeFiles/cmTC_704c4.dir/link.txt --verbose=1
/usr/bin/cc  -DC_FLAG_SUPPORTED    CMakeFiles/cmTC_704c4.dir/src.c.o  -o cmTC_704c4  -lm 
make[1]: Leaving directory '/home/daianeff/aom/bin/CMakeFiles/CMakeTmp'


Source file was:
int main(void) { return 0; }
Performing C++ SOURCE FILE Test CXX_FLAG_SUPPORTED succeeded with the following output:
Change Dir: /home/daianeff/aom/bin/CMakeFiles/CMakeTmp

Run Build Command(s):/usr/bin/make cmTC_53ce9/fast && /usr/bin/make -f CMakeFiles/cmTC_53ce9.dir/build.make CMakeFiles/cmTC_53ce9.dir/build
make[1]: Entering directory '/home/daianeff/aom/bin/CMakeFiles/CMakeTmp'
Building CXX object CMakeFiles/cmTC_53ce9.dir/src.cxx.o
/usr/bin/c++    -DCXX_FLAG_SUPPORTED   -Wtype-limits -o CMakeFiles/cmTC_53ce9.dir/src.cxx.o -c /home/daianeff/aom/bin/CMakeFiles/CMakeTmp/src.cxx
Linking CXX executable cmTC_53ce9
/usr/bin/cmake -E cmake_link_script CMakeFiles/cmTC_53ce9.dir/link.txt --verbose=1
/usr/bin/c++   -DCXX_FLAG_SUPPORTED    CMakeFiles/cmTC_53ce9.dir/src.cxx.o  -o cmTC_53ce9  -lm 
make[1]: Leaving directory '/home/daianeff/aom/bin/CMakeFiles/CMakeTmp'


Source file was:
int main() { return 0; }
Performing C SOURCE FILE Test C_FLAG_SUPPORTED succeeded with the following output:
Change Dir: /home/daianeff/aom/bin/CMakeFiles/CMakeTmp

Run Build Command(s):/usr/bin/make cmTC_e464e/fast && /usr/bin/make -f CMakeFiles/cmTC_e464e.dir/build.make CMakeFiles/cmTC_e464e.dir/build
make[1]: Entering directory '/home/daianeff/aom/bin/CMakeFiles/CMakeTmp'
Building C object CMakeFiles/cmTC_e464e.dir/src.c.o
/usr/bin/cc   -DC_FLAG_SUPPORTED   -Wuninitialized -o CMakeFiles/cmTC_e464e.dir/src.c.o   -c /home/daianeff/aom/bin/CMakeFiles/CMakeTmp/src.c
Linking C executable cmTC_e464e
/usr/bin/cmake -E cmake_link_script CMakeFiles/cmTC_e464e.dir/link.txt --verbose=1
/usr/bin/cc  -DC_FLAG_SUPPORTED    CMakeFiles/cmTC_e464e.dir/src.c.o  -o cmTC_e464e  -lm 
make[1]: Leaving directory '/home/daianeff/aom/bin/CMakeFiles/CMakeTmp'


Source file was:
int main(void) { return 0; }
Performing C++ SOURCE FILE Test CXX_FLAG_SUPPORTED succeeded with the following output:
Change Dir: /home/daianeff/aom/bin/CMakeFiles/CMakeTmp

Run Build Command(s):/usr/bin/make cmTC_18d1c/fast && /usr/bin/make -f CMakeFiles/cmTC_18d1c.dir/build.make CMakeFiles/cmTC_18d1c.dir/build
make[1]: Entering directory '/home/daianeff/aom/bin/CMakeFiles/CMakeTmp'
Building CXX object CMakeFiles/cmTC_18d1c.dir/src.cxx.o
/usr/bin/c++    -DCXX_FLAG_SUPPORTED   -Wuninitialized -o CMakeFiles/cmTC_18d1c.dir/src.cxx.o -c /home/daianeff/aom/bin/CMakeFiles/CMakeTmp/src.cxx
Linking CXX executable cmTC_18d1c
/usr/bin/cmake -E cmake_link_script CMakeFiles/cmTC_18d1c.dir/link.txt --verbose=1
/usr/bin/c++   -DCXX_FLAG_SUPPORTED    CMakeFiles/cmTC_18d1c.dir/src.cxx.o  -o cmTC_18d1c  -lm 
make[1]: Leaving directory '/home/daianeff/aom/bin/CMakeFiles/CMakeTmp'


Source file was:
int main() { return 0; }
Performing C SOURCE FILE Test C_FLAG_SUPPORTED succeeded with the following output:
Change Dir: /home/daianeff/aom/bin/CMakeFiles/CMakeTmp

Run Build Command(s):/usr/bin/make cmTC_3c3f7/fast && /usr/bin/make -f CMakeFiles/cmTC_3c3f7.dir/build.make CMakeFiles/cmTC_3c3f7.dir/build
make[1]: Entering directory '/home/daianeff/aom/bin/CMakeFiles/CMakeTmp'
Building C object CMakeFiles/cmTC_3c3f7.dir/src.c.o
/usr/bin/cc   -DC_FLAG_SUPPORTED   -Wunused -o CMakeFiles/cmTC_3c3f7.dir/src.c.o   -c /home/daianeff/aom/bin/CMakeFiles/CMakeTmp/src.c
Linking C executable cmTC_3c3f7
/usr/bin/cmake -E cmake_link_script CMakeFiles/cmTC_3c3f7.dir/link.txt --verbose=1
/usr/bin/cc  -DC_FLAG_SUPPORTED    CMakeFiles/cmTC_3c3f7.dir/src.c.o  -o cmTC_3c3f7  -lm 
make[1]: Leaving directory '/home/daianeff/aom/bin/CMakeFiles/CMakeTmp'


Source file was:
int main(void) { return 0; }
Performing C++ SOURCE FILE Test CXX_FLAG_SUPPORTED succeeded with the following output:
Change Dir: /home/daianeff/aom/bin/CMakeFiles/CMakeTmp

Run Build Command(s):/usr/bin/make cmTC_123e5/fast && /usr/bin/make -f CMakeFiles/cmTC_123e5.dir/build.make CMakeFiles/cmTC_123e5.dir/build
make[1]: Entering directory '/home/daianeff/aom/bin/CMakeFiles/CMakeTmp'
Building CXX object CMakeFiles/cmTC_123e5.dir/src.cxx.o
/usr/bin/c++    -DCXX_FLAG_SUPPORTED   -Wunused -o CMakeFiles/cmTC_123e5.dir/src.cxx.o -c /home/daianeff/aom/bin/CMakeFiles/CMakeTmp/src.cxx
Linking CXX executable cmTC_123e5
/usr/bin/cmake -E cmake_link_script CMakeFiles/cmTC_123e5.dir/link.txt --verbose=1
/usr/bin/c++   -DCXX_FLAG_SUPPORTED    CMakeFiles/cmTC_123e5.dir/src.cxx.o  -o cmTC_123e5  -lm 
make[1]: Leaving directory '/home/daianeff/aom/bin/CMakeFiles/CMakeTmp'


Source file was:
int main() { return 0; }
Performing C SOURCE FILE Test C_FLAG_SUPPORTED succeeded with the following output:
Change Dir: /home/daianeff/aom/bin/CMakeFiles/CMakeTmp

Run Build Command(s):/usr/bin/make cmTC_5cf24/fast && /usr/bin/make -f CMakeFiles/cmTC_5cf24.dir/build.make CMakeFiles/cmTC_5cf24.dir/build
make[1]: Entering directory '/home/daianeff/aom/bin/CMakeFiles/CMakeTmp'
Building C object CMakeFiles/cmTC_5cf24.dir/src.c.o
/usr/bin/cc   -DC_FLAG_SUPPORTED   -Wvla -o CMakeFiles/cmTC_5cf24.dir/src.c.o   -c /home/daianeff/aom/bin/CMakeFiles/CMakeTmp/src.c
Linking C executable cmTC_5cf24
/usr/bin/cmake -E cmake_link_script CMakeFiles/cmTC_5cf24.dir/link.txt --verbose=1
/usr/bin/cc  -DC_FLAG_SUPPORTED    CMakeFiles/cmTC_5cf24.dir/src.c.o  -o cmTC_5cf24  -lm 
make[1]: Leaving directory '/home/daianeff/aom/bin/CMakeFiles/CMakeTmp'


Source file was:
int main(void) { return 0; }
Performing C++ SOURCE FILE Test CXX_FLAG_SUPPORTED succeeded with the following output:
Change Dir: /home/daianeff/aom/bin/CMakeFiles/CMakeTmp

Run Build Command(s):/usr/bin/make cmTC_1f189/fast && /usr/bin/make -f CMakeFiles/cmTC_1f189.dir/build.make CMakeFiles/cmTC_1f189.dir/build
make[1]: Entering directory '/home/daianeff/aom/bin/CMakeFiles/CMakeTmp'
Building CXX object CMakeFiles/cmTC_1f189.dir/src.cxx.o
/usr/bin/c++    -DCXX_FLAG_SUPPORTED   -Wvla -o CMakeFiles/cmTC_1f189.dir/src.cxx.o -c /home/daianeff/aom/bin/CMakeFiles/CMakeTmp/src.cxx
Linking CXX executable cmTC_1f189
/usr/bin/cmake -E cmake_link_script CMakeFiles/cmTC_1f189.dir/link.txt --verbose=1
/usr/bin/c++   -DCXX_FLAG_SUPPORTED    CMakeFiles/cmTC_1f189.dir/src.cxx.o  -o cmTC_1f189  -lm 
make[1]: Leaving directory '/home/daianeff/aom/bin/CMakeFiles/CMakeTmp'


Source file was:
int main() { return 0; }
Performing C SOURCE FILE Test C_FLAG_SUPPORTED succeeded with the following output:
Change Dir: /home/daianeff/aom/bin/CMakeFiles/CMakeTmp

Run Build Command(s):/usr/bin/make cmTC_ebe8d/fast && /usr/bin/make -f CMakeFiles/cmTC_ebe8d.dir/build.make CMakeFiles/cmTC_ebe8d.dir/build
make[1]: Entering directory '/home/daianeff/aom/bin/CMakeFiles/CMakeTmp'
Building C object CMakeFiles/cmTC_ebe8d.dir/src.c.o
/usr/bin/cc   -DC_FLAG_SUPPORTED   -Wstack-usage=100000 -o CMakeFiles/cmTC_ebe8d.dir/src.c.o   -c /home/daianeff/aom/bin/CMakeFiles/CMakeTmp/src.c
Linking C executable cmTC_ebe8d
/usr/bin/cmake -E cmake_link_script CMakeFiles/cmTC_ebe8d.dir/link.txt --verbose=1
/usr/bin/cc  -DC_FLAG_SUPPORTED    CMakeFiles/cmTC_ebe8d.dir/src.c.o  -o cmTC_ebe8d  -lm 
make[1]: Leaving directory '/home/daianeff/aom/bin/CMakeFiles/CMakeTmp'


Source file was:
int main(void) { return 0; }
Performing C++ SOURCE FILE Test CXX_FLAG_SUPPORTED succeeded with the following output:
Change Dir: /home/daianeff/aom/bin/CMakeFiles/CMakeTmp

Run Build Command(s):/usr/bin/make cmTC_6ec75/fast && /usr/bin/make -f CMakeFiles/cmTC_6ec75.dir/build.make CMakeFiles/cmTC_6ec75.dir/build
make[1]: Entering directory '/home/daianeff/aom/bin/CMakeFiles/CMakeTmp'
Building CXX object CMakeFiles/cmTC_6ec75.dir/src.cxx.o
/usr/bin/c++    -DCXX_FLAG_SUPPORTED   -Wstack-usage=240000 -o CMakeFiles/cmTC_6ec75.dir/src.cxx.o -c /home/daianeff/aom/bin/CMakeFiles/CMakeTmp/src.cxx
Linking CXX executable cmTC_6ec75
/usr/bin/cmake -E cmake_link_script CMakeFiles/cmTC_6ec75.dir/link.txt --verbose=1
/usr/bin/c++   -DCXX_FLAG_SUPPORTED    CMakeFiles/cmTC_6ec75.dir/src.cxx.o  -o cmTC_6ec75  -lm 
make[1]: Leaving directory '/home/daianeff/aom/bin/CMakeFiles/CMakeTmp'


Source file was:
int main() { return 0; }
Performing C SOURCE FILE Test C_FLAG_SUPPORTED succeeded with the following output:
Change Dir: /home/daianeff/aom/bin/CMakeFiles/CMakeTmp

Run Build Command(s):/usr/bin/make cmTC_21ad7/fast && /usr/bin/make -f CMakeFiles/cmTC_21ad7.dir/build.make CMakeFiles/cmTC_21ad7.dir/build
make[1]: Entering directory '/home/daianeff/aom/bin/CMakeFiles/CMakeTmp'
Building C object CMakeFiles/cmTC_21ad7.dir/src.c.o
/usr/bin/cc   -DC_FLAG_SUPPORTED   -Wshadow -o CMakeFiles/cmTC_21ad7.dir/src.c.o   -c /home/daianeff/aom/bin/CMakeFiles/CMakeTmp/src.c
Linking C executable cmTC_21ad7
/usr/bin/cmake -E cmake_link_script CMakeFiles/cmTC_21ad7.dir/link.txt --verbose=1
/usr/bin/cc  -DC_FLAG_SUPPORTED    CMakeFiles/cmTC_21ad7.dir/src.c.o  -o cmTC_21ad7  -lm 
make[1]: Leaving directory '/home/daianeff/aom/bin/CMakeFiles/CMakeTmp'


Source file was:
int main(void) { return 0; }
Performing C SOURCE FILE Test C_FLAG_SUPPORTED succeeded with the following output:
Change Dir: /home/daianeff/aom/bin/CMakeFiles/CMakeTmp

Run Build Command(s):/usr/bin/make cmTC_4d068/fast && /usr/bin/make -f CMakeFiles/cmTC_4d068.dir/build.make CMakeFiles/cmTC_4d068.dir/build
make[1]: Entering directory '/home/daianeff/aom/bin/CMakeFiles/CMakeTmp'
Building C object CMakeFiles/cmTC_4d068.dir/src.c.o
/usr/bin/cc   -DC_FLAG_SUPPORTED   -Wundef -o CMakeFiles/cmTC_4d068.dir/src.c.o   -c /home/daianeff/aom/bin/CMakeFiles/CMakeTmp/src.c
Linking C executable cmTC_4d068
/usr/bin/cmake -E cmake_link_script CMakeFiles/cmTC_4d068.dir/link.txt --verbose=1
/usr/bin/cc  -DC_FLAG_SUPPORTED    CMakeFiles/cmTC_4d068.dir/src.c.o  -o cmTC_4d068  -lm 
make[1]: Leaving directory '/home/daianeff/aom/bin/CMakeFiles/CMakeTmp'


Source file was:
int main(void) { return 0; }
Performing C SOURCE FILE Test C_FLAG_SUPPORTED succeeded with the following output:
Change Dir: /home/daianeff/aom/bin/CMakeFiles/CMakeTmp

Run Build Command(s):/usr/bin/make cmTC_76948/fast && /usr/bin/make -f CMakeFiles/cmTC_76948.dir/build.make CMakeFiles/cmTC_76948.dir/build
make[1]: Entering directory '/home/daianeff/aom/bin/CMakeFiles/CMakeTmp'
Building C object CMakeFiles/cmTC_76948.dir/src.c.o
/usr/bin/cc   -DC_FLAG_SUPPORTED   -U_FORTIFY_SOURCE -D_FORTIFY_SOURCE=0 -o CMakeFiles/cmTC_76948.dir/src.c.o   -c /home/daianeff/aom/bin/CMakeFiles/CMakeTmp/src.c
Linking C executable cmTC_76948
/usr/bin/cmake -E cmake_link_script CMakeFiles/cmTC_76948.dir/link.txt --verbose=1
/usr/bin/cc  -DC_FLAG_SUPPORTED    CMakeFiles/cmTC_76948.dir/src.c.o  -o cmTC_76948  -lm 
make[1]: Leaving directory '/home/daianeff/aom/bin/CMakeFiles/CMakeTmp'


Source file was:
int main(void) { return 0; }
Performing C++ SOURCE FILE Test CXX_FLAG_SUPPORTED succeeded with the following output:
Change Dir: /home/daianeff/aom/bin/CMakeFiles/CMakeTmp

Run Build Command(s):/usr/bin/make cmTC_8dbc8/fast && /usr/bin/make -f CMakeFiles/cmTC_8dbc8.dir/build.make CMakeFiles/cmTC_8dbc8.dir/build
make[1]: Entering directory '/home/daianeff/aom/bin/CMakeFiles/CMakeTmp'
Building CXX object CMakeFiles/cmTC_8dbc8.dir/src.cxx.o
/usr/bin/c++    -DCXX_FLAG_SUPPORTED   -U_FORTIFY_SOURCE -D_FORTIFY_SOURCE=0 -o CMakeFiles/cmTC_8dbc8.dir/src.cxx.o -c /home/daianeff/aom/bin/CMakeFiles/CMakeTmp/src.cxx
Linking CXX executable cmTC_8dbc8
/usr/bin/cmake -E cmake_link_script CMakeFiles/cmTC_8dbc8.dir/link.txt --verbose=1
/usr/bin/c++   -DCXX_FLAG_SUPPORTED    CMakeFiles/cmTC_8dbc8.dir/src.cxx.o  -o cmTC_8dbc8  -lm 
make[1]: Leaving directory '/home/daianeff/aom/bin/CMakeFiles/CMakeTmp'


Source file was:
int main() { return 0; }
Performing C SOURCE FILE Test C_FLAG_SUPPORTED succeeded with the following output:
Change Dir: /home/daianeff/aom/bin/CMakeFiles/CMakeTmp

Run Build Command(s):/usr/bin/make cmTC_5450b/fast && /usr/bin/make -f CMakeFiles/cmTC_5450b.dir/build.make CMakeFiles/cmTC_5450b.dir/build
make[1]: Entering directory '/home/daianeff/aom/bin/CMakeFiles/CMakeTmp'
Building C object CMakeFiles/cmTC_5450b.dir/src.c.o
/usr/bin/cc -D_LARGEFILE_SOURCE  -DC_FLAG_SUPPORTED   -o CMakeFiles/cmTC_5450b.dir/src.c.o   -c /home/daianeff/aom/bin/CMakeFiles/CMakeTmp/src.c
Linking C executable cmTC_5450b
/usr/bin/cmake -E cmake_link_script CMakeFiles/cmTC_5450b.dir/link.txt --verbose=1
/usr/bin/cc  -DC_FLAG_SUPPORTED    CMakeFiles/cmTC_5450b.dir/src.c.o  -o cmTC_5450b  -lm 
make[1]: Leaving directory '/home/daianeff/aom/bin/CMakeFiles/CMakeTmp'


Source file was:
int main(void) { return 0; }
Performing C++ SOURCE FILE Test CXX_FLAG_SUPPORTED succeeded with the following output:
Change Dir: /home/daianeff/aom/bin/CMakeFiles/CMakeTmp

Run Build Command(s):/usr/bin/make cmTC_9262d/fast && /usr/bin/make -f CMakeFiles/cmTC_9262d.dir/build.make CMakeFiles/cmTC_9262d.dir/build
make[1]: Entering directory '/home/daianeff/aom/bin/CMakeFiles/CMakeTmp'
Building CXX object CMakeFiles/cmTC_9262d.dir/src.cxx.o
/usr/bin/c++  -D_LARGEFILE_SOURCE  -DCXX_FLAG_SUPPORTED   -o CMakeFiles/cmTC_9262d.dir/src.cxx.o -c /home/daianeff/aom/bin/CMakeFiles/CMakeTmp/src.cxx
Linking CXX executable cmTC_9262d
/usr/bin/cmake -E cmake_link_script CMakeFiles/cmTC_9262d.dir/link.txt --verbose=1
/usr/bin/c++   -DCXX_FLAG_SUPPORTED    CMakeFiles/cmTC_9262d.dir/src.cxx.o  -o cmTC_9262d  -lm 
make[1]: Leaving directory '/home/daianeff/aom/bin/CMakeFiles/CMakeTmp'


Source file was:
int main() { return 0; }
Performing C SOURCE FILE Test C_FLAG_SUPPORTED succeeded with the following output:
Change Dir: /home/daianeff/aom/bin/CMakeFiles/CMakeTmp

Run Build Command(s):/usr/bin/make cmTC_f2220/fast && /usr/bin/make -f CMakeFiles/cmTC_f2220.dir/build.make CMakeFiles/cmTC_f2220.dir/build
make[1]: Entering directory '/home/daianeff/aom/bin/CMakeFiles/CMakeTmp'
Building C object CMakeFiles/cmTC_f2220.dir/src.c.o
/usr/bin/cc -D_FILE_OFFSET_BITS=64  -DC_FLAG_SUPPORTED   -o CMakeFiles/cmTC_f2220.dir/src.c.o   -c /home/daianeff/aom/bin/CMakeFiles/CMakeTmp/src.c
Linking C executable cmTC_f2220
/usr/bin/cmake -E cmake_link_script CMakeFiles/cmTC_f2220.dir/link.txt --verbose=1
/usr/bin/cc  -DC_FLAG_SUPPORTED    CMakeFiles/cmTC_f2220.dir/src.c.o  -o cmTC_f2220  -lm 
make[1]: Leaving directory '/home/daianeff/aom/bin/CMakeFiles/CMakeTmp'


Source file was:
int main(void) { return 0; }
Performing C++ SOURCE FILE Test CXX_FLAG_SUPPORTED succeeded with the following output:
Change Dir: /home/daianeff/aom/bin/CMakeFiles/CMakeTmp

Run Build Command(s):/usr/bin/make cmTC_b5062/fast && /usr/bin/make -f CMakeFiles/cmTC_b5062.dir/build.make CMakeFiles/cmTC_b5062.dir/build
make[1]: Entering directory '/home/daianeff/aom/bin/CMakeFiles/CMakeTmp'
Building CXX object CMakeFiles/cmTC_b5062.dir/src.cxx.o
/usr/bin/c++  -D_FILE_OFFSET_BITS=64  -DCXX_FLAG_SUPPORTED   -o CMakeFiles/cmTC_b5062.dir/src.cxx.o -c /home/daianeff/aom/bin/CMakeFiles/CMakeTmp/src.cxx
Linking CXX executable cmTC_b5062
/usr/bin/cmake -E cmake_link_script CMakeFiles/cmTC_b5062.dir/link.txt --verbose=1
/usr/bin/c++   -DCXX_FLAG_SUPPORTED    CMakeFiles/cmTC_b5062.dir/src.cxx.o  -o cmTC_b5062  -lm 
make[1]: Leaving directory '/home/daianeff/aom/bin/CMakeFiles/CMakeTmp'


Source file was:
int main() { return 0; }
Performing C SOURCE FILE Test FLAG_SUPPORTED succeeded with the following output:
Change Dir: /home/daianeff/aom/bin/CMakeFiles/CMakeTmp

Run Build Command(s):/usr/bin/make cmTC_3a2b2/fast && /usr/bin/make -f CMakeFiles/cmTC_3a2b2.dir/build.make CMakeFiles/cmTC_3a2b2.dir/build
make[1]: Entering directory '/home/daianeff/aom/bin/CMakeFiles/CMakeTmp'
Building C object CMakeFiles/cmTC_3a2b2.dir/src.c.o
/usr/bin/cc   -DFLAG_SUPPORTED   -mno-avx256-split-unaligned-load -o CMakeFiles/cmTC_3a2b2.dir/src.c.o   -c /home/daianeff/aom/bin/CMakeFiles/CMakeTmp/src.c
Linking C executable cmTC_3a2b2
/usr/bin/cmake -E cmake_link_script CMakeFiles/cmTC_3a2b2.dir/link.txt --verbose=1
/usr/bin/cc  -DFLAG_SUPPORTED    CMakeFiles/cmTC_3a2b2.dir/src.c.o  -o cmTC_3a2b2  -lm 
make[1]: Leaving directory '/home/daianeff/aom/bin/CMakeFiles/CMakeTmp'


Source file was:
int main(void) { return 0; }
Performing C SOURCE FILE Test HAVE_C_FLAG succeeded with the following output:
Change Dir: /home/daianeff/aom/bin/CMakeFiles/CMakeTmp

Run Build Command(s):/usr/bin/make cmTC_e19b4/fast && /usr/bin/make -f CMakeFiles/cmTC_e19b4.dir/build.make CMakeFiles/cmTC_e19b4.dir/build
make[1]: Entering directory '/home/daianeff/aom/bin/CMakeFiles/CMakeTmp'
Building C object CMakeFiles/cmTC_e19b4.dir/src.c.o
/usr/bin/cc   -DHAVE_C_FLAG   -msse2 -o CMakeFiles/cmTC_e19b4.dir/src.c.o   -c /home/daianeff/aom/bin/CMakeFiles/CMakeTmp/src.c
Linking C executable cmTC_e19b4
/usr/bin/cmake -E cmake_link_script CMakeFiles/cmTC_e19b4.dir/link.txt --verbose=1
/usr/bin/cc  -DHAVE_C_FLAG    CMakeFiles/cmTC_e19b4.dir/src.c.o  -o cmTC_e19b4  -lm 
make[1]: Leaving directory '/home/daianeff/aom/bin/CMakeFiles/CMakeTmp'


Source file was:
int main(void) { return 0; }
Performing C++ SOURCE FILE Test HAVE_CXX_FLAG succeeded with the following output:
Change Dir: /home/daianeff/aom/bin/CMakeFiles/CMakeTmp

Run Build Command(s):/usr/bin/make cmTC_a4962/fast && /usr/bin/make -f CMakeFiles/cmTC_a4962.dir/build.make CMakeFiles/cmTC_a4962.dir/build
make[1]: Entering directory '/home/daianeff/aom/bin/CMakeFiles/CMakeTmp'
Building CXX object CMakeFiles/cmTC_a4962.dir/src.cxx.o
/usr/bin/c++    -DHAVE_CXX_FLAG   -msse2 -o CMakeFiles/cmTC_a4962.dir/src.cxx.o -c /home/daianeff/aom/bin/CMakeFiles/CMakeTmp/src.cxx
Linking CXX executable cmTC_a4962
/usr/bin/cmake -E cmake_link_script CMakeFiles/cmTC_a4962.dir/link.txt --verbose=1
/usr/bin/c++   -DHAVE_CXX_FLAG    CMakeFiles/cmTC_a4962.dir/src.cxx.o  -o cmTC_a4962  -lm 
make[1]: Leaving directory '/home/daianeff/aom/bin/CMakeFiles/CMakeTmp'


Source file was:
int main() { return 0; }
Performing C SOURCE FILE Test HAVE_C_FLAG succeeded with the following output:
Change Dir: /home/daianeff/aom/bin/CMakeFiles/CMakeTmp

Run Build Command(s):/usr/bin/make cmTC_a0bc6/fast && /usr/bin/make -f CMakeFiles/cmTC_a0bc6.dir/build.make CMakeFiles/cmTC_a0bc6.dir/build
make[1]: Entering directory '/home/daianeff/aom/bin/CMakeFiles/CMakeTmp'
Building C object CMakeFiles/cmTC_a0bc6.dir/src.c.o
/usr/bin/cc   -DHAVE_C_FLAG   -msse3 -o CMakeFiles/cmTC_a0bc6.dir/src.c.o   -c /home/daianeff/aom/bin/CMakeFiles/CMakeTmp/src.c
Linking C executable cmTC_a0bc6
/usr/bin/cmake -E cmake_link_script CMakeFiles/cmTC_a0bc6.dir/link.txt --verbose=1
/usr/bin/cc  -DHAVE_C_FLAG    CMakeFiles/cmTC_a0bc6.dir/src.c.o  -o cmTC_a0bc6  -lm 
make[1]: Leaving directory '/home/daianeff/aom/bin/CMakeFiles/CMakeTmp'


Source file was:
int main(void) { return 0; }
Performing C++ SOURCE FILE Test HAVE_CXX_FLAG succeeded with the following output:
Change Dir: /home/daianeff/aom/bin/CMakeFiles/CMakeTmp

Run Build Command(s):/usr/bin/make cmTC_479c2/fast && /usr/bin/make -f CMakeFiles/cmTC_479c2.dir/build.make CMakeFiles/cmTC_479c2.dir/build
make[1]: Entering directory '/home/daianeff/aom/bin/CMakeFiles/CMakeTmp'
Building CXX object CMakeFiles/cmTC_479c2.dir/src.cxx.o
/usr/bin/c++    -DHAVE_CXX_FLAG   -msse3 -o CMakeFiles/cmTC_479c2.dir/src.cxx.o -c /home/daianeff/aom/bin/CMakeFiles/CMakeTmp/src.cxx
Linking CXX executable cmTC_479c2
/usr/bin/cmake -E cmake_link_script CMakeFiles/cmTC_479c2.dir/link.txt --verbose=1
/usr/bin/c++   -DHAVE_CXX_FLAG    CMakeFiles/cmTC_479c2.dir/src.cxx.o  -o cmTC_479c2  -lm 
make[1]: Leaving directory '/home/daianeff/aom/bin/CMakeFiles/CMakeTmp'


Source file was:
int main() { return 0; }
Performing C SOURCE FILE Test HAVE_C_FLAG succeeded with the following output:
Change Dir: /home/daianeff/aom/bin/CMakeFiles/CMakeTmp

Run Build Command(s):/usr/bin/make cmTC_cccdb/fast && /usr/bin/make -f CMakeFiles/cmTC_cccdb.dir/build.make CMakeFiles/cmTC_cccdb.dir/build
make[1]: Entering directory '/home/daianeff/aom/bin/CMakeFiles/CMakeTmp'
Building C object CMakeFiles/cmTC_cccdb.dir/src.c.o
/usr/bin/cc   -DHAVE_C_FLAG   -mssse3 -o CMakeFiles/cmTC_cccdb.dir/src.c.o   -c /home/daianeff/aom/bin/CMakeFiles/CMakeTmp/src.c
Linking C executable cmTC_cccdb
/usr/bin/cmake -E cmake_link_script CMakeFiles/cmTC_cccdb.dir/link.txt --verbose=1
/usr/bin/cc  -DHAVE_C_FLAG    CMakeFiles/cmTC_cccdb.dir/src.c.o  -o cmTC_cccdb  -lm 
make[1]: Leaving directory '/home/daianeff/aom/bin/CMakeFiles/CMakeTmp'


Source file was:
int main(void) { return 0; }
Performing C++ SOURCE FILE Test HAVE_CXX_FLAG succeeded with the following output:
Change Dir: /home/daianeff/aom/bin/CMakeFiles/CMakeTmp

Run Build Command(s):/usr/bin/make cmTC_ad6f6/fast && /usr/bin/make -f CMakeFiles/cmTC_ad6f6.dir/build.make CMakeFiles/cmTC_ad6f6.dir/build
make[1]: Entering directory '/home/daianeff/aom/bin/CMakeFiles/CMakeTmp'
Building CXX object CMakeFiles/cmTC_ad6f6.dir/src.cxx.o
/usr/bin/c++    -DHAVE_CXX_FLAG   -mssse3 -o CMakeFiles/cmTC_ad6f6.dir/src.cxx.o -c /home/daianeff/aom/bin/CMakeFiles/CMakeTmp/src.cxx
Linking CXX executable cmTC_ad6f6
/usr/bin/cmake -E cmake_link_script CMakeFiles/cmTC_ad6f6.dir/link.txt --verbose=1
/usr/bin/c++   -DHAVE_CXX_FLAG    CMakeFiles/cmTC_ad6f6.dir/src.cxx.o  -o cmTC_ad6f6  -lm 
make[1]: Leaving directory '/home/daianeff/aom/bin/CMakeFiles/CMakeTmp'


Source file was:
int main() { return 0; }
Performing C SOURCE FILE Test HAVE_C_FLAG succeeded with the following output:
Change Dir: /home/daianeff/aom/bin/CMakeFiles/CMakeTmp

Run Build Command(s):/usr/bin/make cmTC_a9b3b/fast && /usr/bin/make -f CMakeFiles/cmTC_a9b3b.dir/build.make CMakeFiles/cmTC_a9b3b.dir/build
make[1]: Entering directory '/home/daianeff/aom/bin/CMakeFiles/CMakeTmp'
Building C object CMakeFiles/cmTC_a9b3b.dir/src.c.o
/usr/bin/cc   -DHAVE_C_FLAG   -msse4.1 -o CMakeFiles/cmTC_a9b3b.dir/src.c.o   -c /home/daianeff/aom/bin/CMakeFiles/CMakeTmp/src.c
Linking C executable cmTC_a9b3b
/usr/bin/cmake -E cmake_link_script CMakeFiles/cmTC_a9b3b.dir/link.txt --verbose=1
/usr/bin/cc  -DHAVE_C_FLAG    CMakeFiles/cmTC_a9b3b.dir/src.c.o  -o cmTC_a9b3b  -lm 
make[1]: Leaving directory '/home/daianeff/aom/bin/CMakeFiles/CMakeTmp'


Source file was:
int main(void) { return 0; }
Performing C++ SOURCE FILE Test HAVE_CXX_FLAG succeeded with the following output:
Change Dir: /home/daianeff/aom/bin/CMakeFiles/CMakeTmp

Run Build Command(s):/usr/bin/make cmTC_7b421/fast && /usr/bin/make -f CMakeFiles/cmTC_7b421.dir/build.make CMakeFiles/cmTC_7b421.dir/build
make[1]: Entering directory '/home/daianeff/aom/bin/CMakeFiles/CMakeTmp'
Building CXX object CMakeFiles/cmTC_7b421.dir/src.cxx.o
/usr/bin/c++    -DHAVE_CXX_FLAG   -msse4.1 -o CMakeFiles/cmTC_7b421.dir/src.cxx.o -c /home/daianeff/aom/bin/CMakeFiles/CMakeTmp/src.cxx
Linking CXX executable cmTC_7b421
/usr/bin/cmake -E cmake_link_script CMakeFiles/cmTC_7b421.dir/link.txt --verbose=1
/usr/bin/c++   -DHAVE_CXX_FLAG    CMakeFiles/cmTC_7b421.dir/src.cxx.o  -o cmTC_7b421  -lm 
make[1]: Leaving directory '/home/daianeff/aom/bin/CMakeFiles/CMakeTmp'


Source file was:
int main() { return 0; }
Performing C SOURCE FILE Test HAVE_C_FLAG succeeded with the following output:
Change Dir: /home/daianeff/aom/bin/CMakeFiles/CMakeTmp

Run Build Command(s):/usr/bin/make cmTC_bc727/fast && /usr/bin/make -f CMakeFiles/cmTC_bc727.dir/build.make CMakeFiles/cmTC_bc727.dir/build
make[1]: Entering directory '/home/daianeff/aom/bin/CMakeFiles/CMakeTmp'
Building C object CMakeFiles/cmTC_bc727.dir/src.c.o
/usr/bin/cc   -DHAVE_C_FLAG   -msse4.2 -o CMakeFiles/cmTC_bc727.dir/src.c.o   -c /home/daianeff/aom/bin/CMakeFiles/CMakeTmp/src.c
Linking C executable cmTC_bc727
/usr/bin/cmake -E cmake_link_script CMakeFiles/cmTC_bc727.dir/link.txt --verbose=1
/usr/bin/cc  -DHAVE_C_FLAG    CMakeFiles/cmTC_bc727.dir/src.c.o  -o cmTC_bc727  -lm 
make[1]: Leaving directory '/home/daianeff/aom/bin/CMakeFiles/CMakeTmp'


Source file was:
int main(void) { return 0; }
Performing C++ SOURCE FILE Test HAVE_CXX_FLAG succeeded with the following output:
Change Dir: /home/daianeff/aom/bin/CMakeFiles/CMakeTmp

Run Build Command(s):/usr/bin/make cmTC_df200/fast && /usr/bin/make -f CMakeFiles/cmTC_df200.dir/build.make CMakeFiles/cmTC_df200.dir/build
make[1]: Entering directory '/home/daianeff/aom/bin/CMakeFiles/CMakeTmp'
Building CXX object CMakeFiles/cmTC_df200.dir/src.cxx.o
/usr/bin/c++    -DHAVE_CXX_FLAG   -msse4.2 -o CMakeFiles/cmTC_df200.dir/src.cxx.o -c /home/daianeff/aom/bin/CMakeFiles/CMakeTmp/src.cxx
Linking CXX executable cmTC_df200
/usr/bin/cmake -E cmake_link_script CMakeFiles/cmTC_df200.dir/link.txt --verbose=1
/usr/bin/c++   -DHAVE_CXX_FLAG    CMakeFiles/cmTC_df200.dir/src.cxx.o  -o cmTC_df200  -lm 
make[1]: Leaving directory '/home/daianeff/aom/bin/CMakeFiles/CMakeTmp'


Source file was:
int main() { return 0; }
Performing C SOURCE FILE Test HAVE_C_FLAG succeeded with the following output:
Change Dir: /home/daianeff/aom/bin/CMakeFiles/CMakeTmp

Run Build Command(s):/usr/bin/make cmTC_b1e89/fast && /usr/bin/make -f CMakeFiles/cmTC_b1e89.dir/build.make CMakeFiles/cmTC_b1e89.dir/build
make[1]: Entering directory '/home/daianeff/aom/bin/CMakeFiles/CMakeTmp'
Building C object CMakeFiles/cmTC_b1e89.dir/src.c.o
/usr/bin/cc   -DHAVE_C_FLAG   -mavx2 -o CMakeFiles/cmTC_b1e89.dir/src.c.o   -c /home/daianeff/aom/bin/CMakeFiles/CMakeTmp/src.c
Linking C executable cmTC_b1e89
/usr/bin/cmake -E cmake_link_script CMakeFiles/cmTC_b1e89.dir/link.txt --verbose=1
/usr/bin/cc  -DHAVE_C_FLAG    CMakeFiles/cmTC_b1e89.dir/src.c.o  -o cmTC_b1e89  -lm 
make[1]: Leaving directory '/home/daianeff/aom/bin/CMakeFiles/CMakeTmp'


Source file was:
int main(void) { return 0; }
Performing C++ SOURCE FILE Test HAVE_CXX_FLAG succeeded with the following output:
Change Dir: /home/daianeff/aom/bin/CMakeFiles/CMakeTmp

Run Build Command(s):/usr/bin/make cmTC_704c3/fast && /usr/bin/make -f CMakeFiles/cmTC_704c3.dir/build.make CMakeFiles/cmTC_704c3.dir/build
make[1]: Entering directory '/home/daianeff/aom/bin/CMakeFiles/CMakeTmp'
Building CXX object CMakeFiles/cmTC_704c3.dir/src.cxx.o
/usr/bin/c++    -DHAVE_CXX_FLAG   -mavx2 -o CMakeFiles/cmTC_704c3.dir/src.cxx.o -c /home/daianeff/aom/bin/CMakeFiles/CMakeTmp/src.cxx
Linking CXX executable cmTC_704c3
/usr/bin/cmake -E cmake_link_script CMakeFiles/cmTC_704c3.dir/link.txt --verbose=1
/usr/bin/c++   -DHAVE_CXX_FLAG    CMakeFiles/cmTC_704c3.dir/src.cxx.o  -o cmTC_704c3  -lm 
make[1]: Leaving directory '/home/daianeff/aom/bin/CMakeFiles/CMakeTmp'


Source file was:
int main() { return 0; }
